[2021-08-17 09:43:35 +0000] [13670] [INFO] Handling signal: term
[2021-08-17 09:43:35 +0000] [13947] [INFO] Worker exiting (pid: 13947)
[2021-08-17 09:43:35 +0000] [13937] [INFO] Worker exiting (pid: 13937)
[2021-08-17 09:43:35 +0000] [13938] [INFO] Worker exiting (pid: 13938)
[2021-08-17 09:43:35 +0000] [13940] [INFO] Worker exiting (pid: 13940)
[2021-08-17 09:43:35 +0000] [13670] [INFO] Shutting down: Master
[2021-08-17 09:43:48 +0000] [13474] [INFO] Starting gunicorn 19.6.0
[2021-08-17 09:43:48 +0000] [13474] [INFO] Listening at: http://127.0.0.1:9081 (13474)
[2021-08-17 09:43:48 +0000] [13474] [INFO] Using worker: sync
[2021-08-17 09:43:48 +0000] [13928] [INFO] Booting worker with pid: 13928
[2021-08-17 09:43:48 +0000] [13929] [INFO] Booting worker with pid: 13929
[2021-08-17 09:43:48 +0000] [13931] [INFO] Booting worker with pid: 13931
[2021-08-17 09:43:48 +0000] [13932] [INFO] Booting worker with pid: 13932
[2021-08-17 19:04:17 +0000] [2607] [INFO] Starting gunicorn 19.6.0
[2021-08-17 19:04:17 +0000] [2607] [INFO] Listening at: http://127.0.0.1:9081 (2607)
[2021-08-17 19:04:17 +0000] [2607] [INFO] Using worker: sync
[2021-08-17 19:04:17 +0000] [3343] [INFO] Booting worker with pid: 3343
[2021-08-17 19:04:17 +0000] [3345] [INFO] Booting worker with pid: 3345
[2021-08-17 19:04:17 +0000] [3347] [INFO] Booting worker with pid: 3347
[2021-08-17 19:04:17 +0000] [3350] [INFO] Booting worker with pid: 3350
[2021-08-17 19:07:04 +0000] [2607] [INFO] Handling signal: term
[2021-08-17 19:07:04 +0000] [3350] [INFO] Worker exiting (pid: 3350)
[2021-08-17 19:07:04 +0000] [3345] [INFO] Worker exiting (pid: 3345)
[2021-08-17 19:07:04 +0000] [3347] [INFO] Worker exiting (pid: 3347)
[2021-08-17 19:07:04 +0000] [3343] [INFO] Worker exiting (pid: 3343)
[2021-08-17 19:07:04 +0000] [2607] [INFO] Shutting down: Master
[2021-08-17 19:07:17 +0000] [5336] [INFO] Starting gunicorn 19.6.0
[2021-08-17 19:07:17 +0000] [5336] [INFO] Listening at: http://127.0.0.1:9081 (5336)
[2021-08-17 19:07:17 +0000] [5336] [INFO] Using worker: sync
[2021-08-17 19:07:17 +0000] [5750] [INFO] Booting worker with pid: 5750
[2021-08-17 19:07:17 +0000] [5752] [INFO] Booting worker with pid: 5752
[2021-08-17 19:07:17 +0000] [5756] [INFO] Booting worker with pid: 5756
[2021-08-17 19:07:17 +0000] [5757] [INFO] Booting worker with pid: 5757
[2021-08-17 12:10:12 +0000] [5336] [INFO] Handling signal: term
[2021-08-17 12:10:12 +0000] [5752] [INFO] Worker exiting (pid: 5752)
[2021-08-17 12:10:12 +0000] [5756] [INFO] Worker exiting (pid: 5756)
[2021-08-17 12:10:12 +0000] [5757] [INFO] Worker exiting (pid: 5757)
[2021-08-17 12:10:12 +0000] [5750] [INFO] Worker exiting (pid: 5750)
[2021-08-17 12:10:12 +0000] [5336] [INFO] Shutting down: Master
[2021-08-17 12:10:25 +0000] [6701] [INFO] Starting gunicorn 19.6.0
[2021-08-17 12:10:25 +0000] [6701] [INFO] Listening at: http://127.0.0.1:9081 (6701)
[2021-08-17 12:10:25 +0000] [6701] [INFO] Using worker: sync
[2021-08-17 12:10:25 +0000] [7168] [INFO] Booting worker with pid: 7168
[2021-08-17 12:10:25 +0000] [7171] [INFO] Booting worker with pid: 7171
[2021-08-17 12:10:25 +0000] [7201] [INFO] Booting worker with pid: 7201
[2021-08-17 12:10:25 +0000] [7205] [INFO] Booting worker with pid: 7205
