[2021-08-17 09:43:35.004][13645][warning][main] [source/server/server.cc:617] caught SIGTERM
[2021-08-17 09:43:35.004][13645][info][main] [source/server/server.cc:738] shutting down server instance
[2021-08-17 09:43:35.004][13645][info][main] [source/server/server.cc:685] main dispatch loop exited
[2021-08-17 09:43:35.055][13645][warning][config] [bazel-out/k8-opt/bin/source/common/config/_virtual_includes/grpc_stream_lib/common/config/grpc_stream.h:101] StreamListeners gRPC config stream closed: 13, 
[2021-08-17 09:43:35.055][13645][warning][config] [bazel-out/k8-opt/bin/source/common/config/_virtual_includes/grpc_stream_lib/common/config/grpc_stream.h:101] StreamAggregatedResources gRPC config stream closed: 13, 
[2021-08-17 09:43:35.060][13645][info][main] [source/server/server.cc:731] exiting
[2021-08-17 09:43:47.154][13466][info][main] [source/server/server.cc:305] initializing epoch 0 (base id=0, hot restart version=11.104)
[2021-08-17 09:43:47.154][13466][info][main] [source/server/server.cc:307] statically linked extensions:
[2021-08-17 09:43:47.154][13466][info][main] [source/server/server.cc:309]   envoy.quic_client_codec: quiche
[2021-08-17 09:43:47.154][13466][info][main] [source/server/server.cc:309]   envoy.internal_redirect_predicates: envoy.internal_redirect_predicates.allow_listed_routes, envoy.internal_redirect_predicates.previous_routes, envoy.internal_redirect_predicates.safe_cross_scheme
[2021-08-17 09:43:47.154][13466][info][main] [source/server/server.cc:309]   envoy.filters.http: envoy.buffer, envoy.cors, envoy.csrf, envoy.ext_authz, envoy.fault, envoy.filters.http.adaptive_concurrency, envoy.filters.http.admission_control, envoy.filters.http.aws_lambda, envoy.filters.http.aws_request_signing, envoy.filters.http.buffer, envoy.filters.http.cache, envoy.filters.http.cdn_loop, envoy.filters.http.compressor, envoy.filters.http.cors, envoy.filters.http.csrf, envoy.filters.http.decompressor, envoy.filters.http.dynamic_forward_proxy, envoy.filters.http.dynamo, envoy.filters.http.ext_authz, envoy.filters.http.fault, envoy.filters.http.grpc_http1_bridge, envoy.filters.http.grpc_http1_reverse_bridge, envoy.filters.http.grpc_json_transcoder, envoy.filters.http.grpc_stats, envoy.filters.http.grpc_web, envoy.filters.http.gzip, envoy.filters.http.header_to_metadata, envoy.filters.http.health_check, envoy.filters.http.ip_tagging, envoy.filters.http.jwt_authn, envoy.filters.http.local_ratelimit, envoy.filters.http.lua, envoy.filters.http.oauth, envoy.filters.http.on_demand, envoy.filters.http.original_src, envoy.filters.http.ratelimit, envoy.filters.http.rbac, envoy.filters.http.router, envoy.filters.http.squash, envoy.filters.http.tap, envoy.grpc_http1_bridge, envoy.grpc_json_transcoder, envoy.grpc_web, envoy.gzip, envoy.health_check, envoy.http_dynamo_filter, envoy.ip_tagging, envoy.local_rate_limit, envoy.lua, envoy.rate_limit, envoy.router, envoy.squash
[2021-08-17 09:43:47.154][13466][info][main] [source/server/server.cc:309]   envoy.bootstrap: envoy.extensions.network.socket_interface.default_socket_interface
[2021-08-17 09:43:47.154][13466][info][main] [source/server/server.cc:309]   envoy.tracers: envoy.dynamic.ot, envoy.lightstep, envoy.tracers.datadog, envoy.tracers.dynamic_ot, envoy.tracers.lightstep, envoy.tracers.opencensus, envoy.tracers.xray, envoy.tracers.zipkin, envoy.zipkin
[2021-08-17 09:43:47.154][13466][info][main] [source/server/server.cc:309]   envoy.access_loggers: envoy.access_loggers.file, envoy.access_loggers.http_grpc, envoy.access_loggers.tcp_grpc, envoy.file_access_log, envoy.http_grpc_access_log, envoy.tcp_grpc_access_log
[2021-08-17 09:43:47.154][13466][info][main] [source/server/server.cc:309]   envoy.upstreams: envoy.filters.connection_pools.http.generic, envoy.filters.connection_pools.http.http, envoy.filters.connection_pools.http.tcp
[2021-08-17 09:43:47.154][13466][info][main] [source/server/server.cc:309]   envoy.http.cache: envoy.extensions.http.cache.simple
[2021-08-17 09:43:47.154][13466][info][main] [source/server/server.cc:309]   envoy.health_checkers: envoy.health_checkers.redis
[2021-08-17 09:43:47.154][13466][info][main] [source/server/server.cc:309]   envoy.clusters: envoy.cluster.eds, envoy.cluster.logical_dns, envoy.cluster.original_dst, envoy.cluster.static, envoy.cluster.strict_dns, envoy.clusters.aggregate, envoy.clusters.dynamic_forward_proxy, envoy.clusters.redis
[2021-08-17 09:43:47.154][13466][info][main] [source/server/server.cc:309]   envoy.dubbo_proxy.serializers: dubbo.hessian2
[2021-08-17 09:43:47.154][13466][info][main] [source/server/server.cc:309]   envoy.stats_sinks: envoy.dog_statsd, envoy.metrics_service, envoy.stat_sinks.dog_statsd, envoy.stat_sinks.hystrix, envoy.stat_sinks.metrics_service, envoy.stat_sinks.statsd, envoy.statsd
[2021-08-17 09:43:47.154][13466][info][main] [source/server/server.cc:309]   envoy.thrift_proxy.transports: auto, framed, header, unframed
[2021-08-17 09:43:47.154][13466][info][main] [source/server/server.cc:309]   envoy.udp_listeners: quiche_quic_listener, raw_udp_listener
[2021-08-17 09:43:47.154][13466][info][main] [source/server/server.cc:309]   envoy.transport_sockets.downstream: envoy.transport_sockets.alts, envoy.transport_sockets.quic, envoy.transport_sockets.raw_buffer, envoy.transport_sockets.tap, envoy.transport_sockets.tls, raw_buffer, tls
[2021-08-17 09:43:47.154][13466][info][main] [source/server/server.cc:309]   envoy.resolvers: envoy.ip
[2021-08-17 09:43:47.154][13466][info][main] [source/server/server.cc:309]   envoy.resource_monitors: envoy.resource_monitors.fixed_heap, envoy.resource_monitors.injected_resource
[2021-08-17 09:43:47.154][13466][info][main] [source/server/server.cc:309]   envoy.thrift_proxy.filters: envoy.filters.thrift.rate_limit, envoy.filters.thrift.router
[2021-08-17 09:43:47.154][13466][info][main] [source/server/server.cc:309]   envoy.compression.compressor: envoy.compression.gzip.compressor
[2021-08-17 09:43:47.154][13466][info][main] [source/server/server.cc:309]   envoy.filters.udp_listener: envoy.filters.udp.dns_filter, envoy.filters.udp_listener.udp_proxy
[2021-08-17 09:43:47.154][13466][info][main] [source/server/server.cc:309]   envoy.dubbo_proxy.protocols: dubbo
[2021-08-17 09:43:47.154][13466][info][main] [source/server/server.cc:309]   envoy.filters.listener: envoy.filters.listener.http_inspector, envoy.filters.listener.original_dst, envoy.filters.listener.original_src, envoy.filters.listener.proxy_protocol, envoy.filters.listener.tls_inspector, envoy.listener.http_inspector, envoy.listener.original_dst, envoy.listener.original_src, envoy.listener.proxy_protocol, envoy.listener.tls_inspector
[2021-08-17 09:43:47.154][13466][info][main] [source/server/server.cc:309]   envoy.filters.network: envoy.client_ssl_auth, envoy.echo, envoy.ext_authz, envoy.filters.network.client_ssl_auth, envoy.filters.network.direct_response, envoy.filters.network.dubbo_proxy, envoy.filters.network.echo, envoy.filters.network.ext_authz, envoy.filters.network.http_connection_manager, envoy.filters.network.kafka_broker, envoy.filters.network.local_ratelimit, envoy.filters.network.mongo_proxy, envoy.filters.network.mysql_proxy, envoy.filters.network.postgres_proxy, envoy.filters.network.ratelimit, envoy.filters.network.rbac, envoy.filters.network.redis_proxy, envoy.filters.network.rocketmq_proxy, envoy.filters.network.sni_cluster, envoy.filters.network.sni_dynamic_forward_proxy, envoy.filters.network.tcp_proxy, envoy.filters.network.thrift_proxy, envoy.filters.network.zookeeper_proxy, envoy.http_connection_manager, envoy.mongo_proxy, envoy.ratelimit, envoy.redis_proxy, envoy.tcp_proxy
[2021-08-17 09:43:47.154][13466][info][main] [source/server/server.cc:309]   envoy.udp_packet_writers: udp_default_writer, udp_gso_batch_writer
[2021-08-17 09:43:47.154][13466][info][main] [source/server/server.cc:309]   envoy.dubbo_proxy.route_matchers: default
[2021-08-17 09:43:47.154][13466][info][main] [source/server/server.cc:309]   envoy.grpc_credentials: envoy.grpc_credentials.aws_iam, envoy.grpc_credentials.default, envoy.grpc_credentials.file_based_metadata
[2021-08-17 09:43:47.154][13466][info][main] [source/server/server.cc:309]   envoy.retry_priorities: envoy.retry_priorities.previous_priorities
[2021-08-17 09:43:47.154][13466][info][main] [source/server/server.cc:309]   envoy.retry_host_predicates: envoy.retry_host_predicates.omit_canary_hosts, envoy.retry_host_predicates.omit_host_metadata, envoy.retry_host_predicates.previous_hosts
[2021-08-17 09:43:47.154][13466][info][main] [source/server/server.cc:309]   envoy.dubbo_proxy.filters: envoy.filters.dubbo.router
[2021-08-17 09:43:47.154][13466][info][main] [source/server/server.cc:309]   envoy.compression.decompressor: envoy.compression.gzip.decompressor
[2021-08-17 09:43:47.154][13466][info][main] [source/server/server.cc:309]   envoy.transport_sockets.upstream: envoy.transport_sockets.alts, envoy.transport_sockets.quic, envoy.transport_sockets.raw_buffer, envoy.transport_sockets.tap, envoy.transport_sockets.tls, envoy.transport_sockets.upstream_proxy_protocol, raw_buffer, tls
[2021-08-17 09:43:47.154][13466][info][main] [source/server/server.cc:309]   envoy.guarddog_actions: envoy.watchdog.abort_action, envoy.watchdog.profile_action
[2021-08-17 09:43:47.154][13466][info][main] [source/server/server.cc:309]   envoy.quic_server_codec: quiche
[2021-08-17 09:43:47.154][13466][info][main] [source/server/server.cc:309]   envoy.thrift_proxy.protocols: auto, binary, binary/non-strict, compact, twitter
[2021-08-17 09:43:47.169][13466][info][main] [source/server/server.cc:325] HTTP header map info:
[2021-08-17 09:43:47.170][13466][warning][runtime] [source/common/runtime/runtime_features.cc:31] Unable to use runtime singleton for feature envoy.http.headermap.lazy_map_min_size
[2021-08-17 09:43:47.170][13466][warning][runtime] [source/common/runtime/runtime_features.cc:31] Unable to use runtime singleton for feature envoy.http.headermap.lazy_map_min_size
[2021-08-17 09:43:47.171][13466][warning][runtime] [source/common/runtime/runtime_features.cc:31] Unable to use runtime singleton for feature envoy.http.headermap.lazy_map_min_size
[2021-08-17 09:43:47.171][13466][warning][runtime] [source/common/runtime/runtime_features.cc:31] Unable to use runtime singleton for feature envoy.http.headermap.lazy_map_min_size
[2021-08-17 09:43:47.171][13466][info][main] [source/server/server.cc:328]   request header map: 600 bytes: :authority,:method,:path,:protocol,:scheme,accept,accept-encoding,access-control-request-method,authorization,cache-control,cdn-loop,connection,content-encoding,content-length,content-type,expect,grpc-accept-encoding,grpc-timeout,if-match,if-modified-since,if-none-match,if-range,if-unmodified-since,keep-alive,origin,pragma,proxy-connection,referer,te,transfer-encoding,upgrade,user-agent,via,x-client-trace-id,x-envoy-attempt-count,x-envoy-decorator-operation,x-envoy-downstream-service-cluster,x-envoy-downstream-service-node,x-envoy-expected-rq-timeout-ms,x-envoy-external-address,x-envoy-force-trace,x-envoy-hedge-on-per-try-timeout,x-envoy-internal,x-envoy-ip-tags,x-envoy-max-retries,x-envoy-original-path,x-envoy-original-url,x-envoy-retriable-header-names,x-envoy-retriable-status-codes,x-envoy-retry-grpc-on,x-envoy-retry-on,x-envoy-upstream-alt-stat-name,x-envoy-upstream-rq-per-try-timeout-ms,x-envoy-upstream-rq-timeout-alt-response,x-envoy-upstream-rq-timeout-ms,x-forwarded-client-cert,x-forwarded-for,x-forwarded-proto,x-ot-span-context,x-request-id
[2021-08-17 09:43:47.171][13466][info][main] [source/server/server.cc:328]   request trailer map: 120 bytes: 
[2021-08-17 09:43:47.171][13466][info][main] [source/server/server.cc:328]   response header map: 416 bytes: :status,access-control-allow-credentials,access-control-allow-headers,access-control-allow-methods,access-control-allow-origin,access-control-expose-headers,access-control-max-age,age,cache-control,connection,content-encoding,content-length,content-type,date,etag,expires,grpc-message,grpc-status,keep-alive,last-modified,location,proxy-connection,server,transfer-encoding,upgrade,vary,via,x-envoy-attempt-count,x-envoy-decorator-operation,x-envoy-degraded,x-envoy-immediate-health-check-fail,x-envoy-ratelimited,x-envoy-upstream-canary,x-envoy-upstream-healthchecked-cluster,x-envoy-upstream-service-time,x-request-id
[2021-08-17 09:43:47.171][13466][info][main] [source/server/server.cc:328]   response trailer map: 144 bytes: grpc-message,grpc-status
[2021-08-17 09:43:47.175][13466][info][main] [source/server/server.cc:448] admin address: 127.0.0.1:8002
[2021-08-17 09:43:47.177][13466][info][main] [source/server/server.cc:583] runtime: layers:
  - name: rtds_layer_0
    rtds_layer:
      name: rtds_layer_0
      rtds_config:
        ads:
          {}
[2021-08-17 09:43:47.177][13466][info][config] [source/server/configuration_impl.cc:95] loading tracing configuration
[2021-08-17 09:43:47.177][13466][info][config] [source/server/configuration_impl.cc:70] loading 0 static secret(s)
[2021-08-17 09:43:47.177][13466][info][config] [source/server/configuration_impl.cc:76] loading 13 cluster(s)
[2021-08-17 09:43:47.191][13466][info][config] [source/server/configuration_impl.cc:80] loading 0 listener(s)
[2021-08-17 09:43:47.191][13466][info][config] [source/server/configuration_impl.cc:121] loading stats sink configuration
[2021-08-17 09:43:47.192][13466][info][main] [source/server/server.cc:679] starting main dispatch loop
[2021-08-17 09:43:47.205][13466][warning][misc] [source/common/protobuf/utility.cc:294] Configuration does not parse cleanly as v3. v2 configuration is deprecated and will be removed from Envoy at the start of Q1 2021: envoy.service.discovery.v2.Runtime
[2021-08-17 09:43:47.205][13466][info][runtime] [source/common/runtime/runtime_impl.cc:421] RTDS has finished initialization
[2021-08-17 09:43:47.205][13466][info][upstream] [source/common/upstream/cluster_manager_impl.cc:174] cm init: initializing cds
[2021-08-17 09:43:47.209][13466][info][upstream] [source/common/upstream/cds_api_impl.cc:64] cds: add 0 cluster(s), remove 13 cluster(s)
[2021-08-17 09:43:47.209][13466][info][upstream] [source/common/upstream/cluster_manager_impl.cc:178] cm init: all clusters initialized
[2021-08-17 09:43:47.210][13466][info][main] [source/server/server.cc:660] all clusters initialized. initializing init manager
[2021-08-17 09:43:47.213][13466][warning][misc] [source/common/protobuf/utility.cc:294] Configuration does not parse cleanly as v3. v2 configuration is deprecated and will be removed from Envoy at the start of Q1 2021: envoy.api.v2.Listener
[2021-08-17 09:43:47.220][13466][warning][misc] [source/common/protobuf/utility.cc:294] Configuration does not parse cleanly as v3. v2 configuration is deprecated and will be removed from Envoy at the start of Q1 2021: envoy.config.filter.network.http_connection_manager.v2.HttpConnectionManager
[2021-08-17 09:43:47.222][13466][warning][misc] [source/common/protobuf/utility.cc:294] Configuration does not parse cleanly as v3. v2 configuration is deprecated and will be removed from Envoy at the start of Q1 2021: envoy.config.accesslog.v2.FileAccessLog
[2021-08-17 09:43:47.223][13466][info][upstream] [source/server/lds_api.cc:79] lds: add/update listener 'dummy3338:3338:6'
[2021-08-17 09:43:47.229][13466][info][upstream] [source/server/lds_api.cc:79] lds: add/update listener 'cnm_http_listener:8080:6'
[2021-08-17 09:43:47.230][13466][warning][misc] [source/common/protobuf/utility.cc:294] Configuration does not parse cleanly as v3. v2 configuration is deprecated and will be removed from Envoy at the start of Q1 2021: envoy.api.v2.auth.DownstreamTlsContext
[2021-08-17 09:43:47.235][13466][info][upstream] [source/server/lds_api.cc:79] lds: add/update listener 'cnm_https_listener:9443:6:v32TNp'
[2021-08-17 09:43:47.240][13466][info][upstream] [source/server/lds_api.cc:79] lds: add/update listener 'cm_listener:8443:6:P0kW3E'
[2021-08-17 09:43:47.249][13466][info][upstream] [source/server/lds_api.cc:79] lds: add/update listener 'metrics_listener:8070:6:zZY6SP:slave'
[2021-08-17 09:43:47.251][13466][info][upstream] [source/server/lds_api.cc:79] lds: add/update listener 'dummy3337:3337:6'
[2021-08-17 09:43:47.251][13466][info][config] [source/server/listener_manager_impl.cc:888] all dependencies initialized. starting workers
[2021-08-17 09:43:49.242][13466][info][upstream] [source/common/upstream/cds_api_impl.cc:64] cds: add 0 cluster(s), remove 13 cluster(s)
[2021-08-17 09:43:49.253][13466][info][upstream] [source/server/lds_api.cc:79] lds: add/update listener 'metrics_listener:8070:6:zZY6SP:slave'
[2021-08-17 09:43:49.260][13466][info][upstream] [source/server/lds_api.cc:79] lds: add/update listener 'node_listener:3341:6'
[2021-08-17 09:43:49.265][13466][info][misc] [source/extensions/transport_sockets/tls/context_impl.cc:191] Applying X509_V_FLAG_PARTIAL_CHAIN on TLS contexts
[2021-08-17 09:43:49.266][13466][info][upstream] [source/server/lds_api.cc:79] lds: add/update listener 'rl_services:3340:6:Pb47Ae'
[2021-08-17 09:43:49.270][13466][info][upstream] [source/server/lds_api.cc:79] lds: add/update listener 'cnm_https_listener:9443:6:v32TNp'
[2021-08-17 09:43:49.272][13466][info][upstream] [source/server/lds_api.cc:79] lds: add/update listener 'cm_listener:8443:6:P0kW3E'
[2021-08-17 09:43:51.296][13466][info][misc] [source/extensions/transport_sockets/tls/context_impl.cc:191] Applying X509_V_FLAG_PARTIAL_CHAIN on TLS contexts
[2021-08-17 09:43:51.299][13466][info][upstream] [source/server/lds_api.cc:79] lds: add/update listener 'rl_services:3340:6:Pb47Ae'
[2021-08-17 09:43:51.303][13466][info][upstream] [source/server/lds_api.cc:79] lds: add/update listener 'cnm_http_listener:8080:6'
[2021-08-17 09:43:51.307][13466][info][upstream] [source/server/lds_api.cc:79] lds: add/update listener 'cnm_https_listener:9443:6:v32TNp'
[2021-08-17 09:43:51.310][13466][warning][config] [source/common/config/grpc_subscription_impl.cc:107] gRPC config for type.googleapis.com/envoy.api.v2.Listener rejected: Error adding/updating listener(s) node_listener:3341:6: route: unknown cluster 'node_3:Pb47Ae'

[2021-08-17 09:43:51.311][13466][warning][misc] [source/common/protobuf/utility.cc:294] Configuration does not parse cleanly as v3. v2 configuration is deprecated and will be removed from Envoy at the start of Q1 2021: envoy.api.v2.Cluster
[2021-08-17 09:43:51.311][13466][warning][misc] [source/common/protobuf/message_validator_impl.cc:21] Deprecated field: type envoy.api.v2.Cluster Using deprecated option 'envoy.api.v2.Cluster.hosts' from file cluster.proto. This configuration will be removed from Envoy soon. Please see https://www.envoyproxy.io/docs/envoy/latest/version_history/version_history for details. If continued use of this field is absolutely necessary, see https://www.envoyproxy.io/docs/envoy/latest/configuration/operations/runtime#using-runtime-overrides-for-deprecated-features for how to apply a temporary and highly discouraged override.
[2021-08-17 09:43:51.311][13466][warning][misc] [source/common/protobuf/message_validator_impl.cc:21] Deprecated field: type envoy.api.v2.Cluster Using deprecated option 'envoy.api.v2.Cluster.hosts' from file cluster.proto. This configuration will be removed from Envoy soon. Please see https://www.envoyproxy.io/docs/envoy/latest/version_history/version_history for details. If continued use of this field is absolutely necessary, see https://www.envoyproxy.io/docs/envoy/latest/configuration/operations/runtime#using-runtime-overrides-for-deprecated-features for how to apply a temporary and highly discouraged override.
[2021-08-17 09:43:51.311][13466][warning][misc] [source/common/protobuf/message_validator_impl.cc:21] Deprecated field: type envoy.api.v2.Cluster Using deprecated option 'envoy.api.v2.Cluster.hosts' from file cluster.proto. This configuration will be removed from Envoy soon. Please see https://www.envoyproxy.io/docs/envoy/latest/version_history/version_history for details. If continued use of this field is absolutely necessary, see https://www.envoyproxy.io/docs/envoy/latest/configuration/operations/runtime#using-runtime-overrides-for-deprecated-features for how to apply a temporary and highly discouraged override.
[2021-08-17 09:43:51.311][13466][warning][misc] [source/common/protobuf/message_validator_impl.cc:21] Deprecated field: type envoy.api.v2.Cluster Using deprecated option 'envoy.api.v2.Cluster.hosts' from file cluster.proto. This configuration will be removed from Envoy soon. Please see https://www.envoyproxy.io/docs/envoy/latest/version_history/version_history for details. If continued use of this field is absolutely necessary, see https://www.envoyproxy.io/docs/envoy/latest/configuration/operations/runtime#using-runtime-overrides-for-deprecated-features for how to apply a temporary and highly discouraged override.
[2021-08-17 09:43:51.311][13466][info][upstream] [source/common/upstream/cds_api_impl.cc:64] cds: add 4 cluster(s), remove 13 cluster(s)
[2021-08-17 09:43:51.311][13466][warning][misc] [source/common/protobuf/utility.cc:294] Configuration does not parse cleanly as v3. v2 configuration is deprecated and will be removed from Envoy at the start of Q1 2021: envoy.api.v2.auth.UpstreamTlsContext
[2021-08-17 09:43:51.313][13466][info][upstream] [source/common/upstream/cds_api_impl.cc:79] cds: add/update cluster 'node_2:Pb47Ae'
[2021-08-17 09:43:51.318][13466][info][upstream] [source/common/upstream/cds_api_impl.cc:79] cds: add/update cluster 'node_1:Pb47Ae'
[2021-08-17 09:43:51.322][13466][info][upstream] [source/common/upstream/cds_api_impl.cc:79] cds: add/update cluster 'cnm_master_cluster:Pb47Ae'
[2021-08-17 09:43:51.327][13466][info][upstream] [source/common/upstream/cds_api_impl.cc:79] cds: add/update cluster 'node_3:Pb47Ae'
[2021-08-17 09:43:51.339][13466][info][upstream] [source/server/lds_api.cc:79] lds: add/update listener 'node_listener:3341:6'
[2021-08-17 09:45:12.990][13466][info][upstream] [source/common/upstream/cds_api_impl.cc:64] cds: add 0 cluster(s), remove 17 cluster(s)
[2021-08-17 09:45:12.990][13466][info][upstream] [source/common/upstream/cluster_manager_impl.cc:685] removing cluster cnm_master_cluster:Pb47Ae
[2021-08-17 09:45:12.990][13466][info][upstream] [source/common/upstream/cds_api_impl.cc:90] cds: remove cluster 'cnm_master_cluster:Pb47Ae'
[2021-08-17 09:45:12.990][13466][info][upstream] [source/common/upstream/cluster_manager_impl.cc:685] removing cluster node_1:Pb47Ae
[2021-08-17 09:45:12.991][13466][info][upstream] [source/common/upstream/cds_api_impl.cc:90] cds: remove cluster 'node_1:Pb47Ae'
[2021-08-17 09:45:12.991][13466][info][upstream] [source/common/upstream/cluster_manager_impl.cc:685] removing cluster node_3:Pb47Ae
[2021-08-17 09:45:12.991][13466][info][upstream] [source/common/upstream/cds_api_impl.cc:90] cds: remove cluster 'node_3:Pb47Ae'
[2021-08-17 09:45:12.992][13466][info][upstream] [source/common/upstream/cluster_manager_impl.cc:685] removing cluster node_2:Pb47Ae
[2021-08-17 09:45:12.992][13466][info][upstream] [source/common/upstream/cds_api_impl.cc:90] cds: remove cluster 'node_2:Pb47Ae'
[2021-08-17 09:45:12.992][13466][warning][misc] [source/common/protobuf/utility.cc:294] Configuration does not parse cleanly as v3. v2 configuration is deprecated and will be removed from Envoy at the start of Q1 2021: envoy.service.discovery.v2.Runtime
[2021-08-17 09:45:12.994][13466][warning][misc] [source/common/protobuf/utility.cc:294] Configuration does not parse cleanly as v3. v2 configuration is deprecated and will be removed from Envoy at the start of Q1 2021: envoy.api.v2.Listener
[2021-08-17 09:45:12.996][13466][warning][misc] [source/common/protobuf/utility.cc:294] Configuration does not parse cleanly as v3. v2 configuration is deprecated and will be removed from Envoy at the start of Q1 2021: envoy.config.filter.network.http_connection_manager.v2.HttpConnectionManager
[2021-08-17 09:45:12.998][13466][warning][misc] [source/common/protobuf/utility.cc:294] Configuration does not parse cleanly as v3. v2 configuration is deprecated and will be removed from Envoy at the start of Q1 2021: envoy.config.accesslog.v2.FileAccessLog
[2021-08-17 09:45:12.999][13466][info][upstream] [source/server/lds_api.cc:79] lds: add/update listener 'node_listener:3341:6'
[2021-08-17 09:45:13.000][13466][warning][misc] [source/common/protobuf/utility.cc:294] Configuration does not parse cleanly as v3. v2 configuration is deprecated and will be removed from Envoy at the start of Q1 2021: envoy.api.v2.auth.DownstreamTlsContext
[2021-08-17 09:45:13.002][13466][info][misc] [source/extensions/transport_sockets/tls/context_impl.cc:191] Applying X509_V_FLAG_PARTIAL_CHAIN on TLS contexts
[2021-08-17 09:45:13.003][13466][info][upstream] [source/server/lds_api.cc:79] lds: add/update listener 'rl_services:3340:6:Pb47Ae'
[2021-08-17 09:45:15.027][13466][info][upstream] [source/server/lds_api.cc:60] lds: remove listener 'metrics_listener:8070:6:zZY6SP:slave'
[2021-08-17 09:45:15.029][13466][info][misc] [source/extensions/transport_sockets/tls/context_impl.cc:191] Applying X509_V_FLAG_PARTIAL_CHAIN on TLS contexts
[2021-08-17 09:45:15.031][13466][info][upstream] [source/server/lds_api.cc:79] lds: add/update listener 'rl_services:3340:6:Pb47Ae'
[2021-08-17 09:45:15.034][13466][info][upstream] [source/server/lds_api.cc:79] lds: add/update listener 'metrics_listener:8070:6:zZY6SP:master'
[2021-08-17 09:45:15.038][13466][warning][config] [source/common/config/grpc_subscription_impl.cc:107] gRPC config for type.googleapis.com/envoy.api.v2.Listener rejected: Error adding/updating listener(s) node_listener:3341:6: route: unknown cluster 'node_2:Pb47Ae'

[2021-08-17 09:45:15.039][13466][warning][misc] [source/common/protobuf/utility.cc:294] Configuration does not parse cleanly as v3. v2 configuration is deprecated and will be removed from Envoy at the start of Q1 2021: envoy.api.v2.Cluster
[2021-08-17 09:45:15.039][13466][warning][misc] [source/common/protobuf/message_validator_impl.cc:21] Deprecated field: type envoy.api.v2.Cluster Using deprecated option 'envoy.api.v2.Cluster.hosts' from file cluster.proto. This configuration will be removed from Envoy soon. Please see https://www.envoyproxy.io/docs/envoy/latest/version_history/version_history for details. If continued use of this field is absolutely necessary, see https://www.envoyproxy.io/docs/envoy/latest/configuration/operations/runtime#using-runtime-overrides-for-deprecated-features for how to apply a temporary and highly discouraged override.
[2021-08-17 09:45:15.039][13466][warning][misc] [source/common/protobuf/message_validator_impl.cc:21] Deprecated field: type envoy.api.v2.Cluster Using deprecated option 'envoy.api.v2.Cluster.hosts' from file cluster.proto. This configuration will be removed from Envoy soon. Please see https://www.envoyproxy.io/docs/envoy/latest/version_history/version_history for details. If continued use of this field is absolutely necessary, see https://www.envoyproxy.io/docs/envoy/latest/configuration/operations/runtime#using-runtime-overrides-for-deprecated-features for how to apply a temporary and highly discouraged override.
[2021-08-17 09:45:15.039][13466][warning][misc] [source/common/protobuf/message_validator_impl.cc:21] Deprecated field: type envoy.api.v2.Cluster Using deprecated option 'envoy.api.v2.Cluster.hosts' from file cluster.proto. This configuration will be removed from Envoy soon. Please see https://www.envoyproxy.io/docs/envoy/latest/version_history/version_history for details. If continued use of this field is absolutely necessary, see https://www.envoyproxy.io/docs/envoy/latest/configuration/operations/runtime#using-runtime-overrides-for-deprecated-features for how to apply a temporary and highly discouraged override.
[2021-08-17 09:45:15.039][13466][info][upstream] [source/common/upstream/cds_api_impl.cc:64] cds: add 3 cluster(s), remove 13 cluster(s)
[2021-08-17 09:45:15.039][13466][warning][misc] [source/common/protobuf/utility.cc:294] Configuration does not parse cleanly as v3. v2 configuration is deprecated and will be removed from Envoy at the start of Q1 2021: envoy.api.v2.auth.UpstreamTlsContext
[2021-08-17 09:45:15.041][13466][info][upstream] [source/common/upstream/cds_api_impl.cc:79] cds: add/update cluster 'node_1:Pb47Ae'
[2021-08-17 09:45:15.043][13466][info][upstream] [source/common/upstream/cds_api_impl.cc:79] cds: add/update cluster 'node_3:Pb47Ae'
[2021-08-17 09:45:15.046][13466][info][upstream] [source/common/upstream/cds_api_impl.cc:79] cds: add/update cluster 'node_2:Pb47Ae'
[2021-08-17 09:45:15.062][13466][info][upstream] [source/server/lds_api.cc:79] lds: add/update listener 'node_listener:3341:6'
[2021-08-17 09:58:47.213][13466][info][main] [source/server/drain_manager_impl.cc:70] shutting down parent after drain
[2021-08-17 19:04:15.847][2589][info][main] [source/server/server.cc:305] initializing epoch 0 (base id=0, hot restart version=11.104)
[2021-08-17 19:04:15.847][2589][info][main] [source/server/server.cc:307] statically linked extensions:
[2021-08-17 19:04:15.847][2589][info][main] [source/server/server.cc:309]   envoy.quic_client_codec: quiche
[2021-08-17 19:04:15.847][2589][info][main] [source/server/server.cc:309]   envoy.internal_redirect_predicates: envoy.internal_redirect_predicates.allow_listed_routes, envoy.internal_redirect_predicates.previous_routes, envoy.internal_redirect_predicates.safe_cross_scheme
[2021-08-17 19:04:15.847][2589][info][main] [source/server/server.cc:309]   envoy.filters.http: envoy.buffer, envoy.cors, envoy.csrf, envoy.ext_authz, envoy.fault, envoy.filters.http.adaptive_concurrency, envoy.filters.http.admission_control, envoy.filters.http.aws_lambda, envoy.filters.http.aws_request_signing, envoy.filters.http.buffer, envoy.filters.http.cache, envoy.filters.http.cdn_loop, envoy.filters.http.compressor, envoy.filters.http.cors, envoy.filters.http.csrf, envoy.filters.http.decompressor, envoy.filters.http.dynamic_forward_proxy, envoy.filters.http.dynamo, envoy.filters.http.ext_authz, envoy.filters.http.fault, envoy.filters.http.grpc_http1_bridge, envoy.filters.http.grpc_http1_reverse_bridge, envoy.filters.http.grpc_json_transcoder, envoy.filters.http.grpc_stats, envoy.filters.http.grpc_web, envoy.filters.http.gzip, envoy.filters.http.header_to_metadata, envoy.filters.http.health_check, envoy.filters.http.ip_tagging, envoy.filters.http.jwt_authn, envoy.filters.http.local_ratelimit, envoy.filters.http.lua, envoy.filters.http.oauth, envoy.filters.http.on_demand, envoy.filters.http.original_src, envoy.filters.http.ratelimit, envoy.filters.http.rbac, envoy.filters.http.router, envoy.filters.http.squash, envoy.filters.http.tap, envoy.grpc_http1_bridge, envoy.grpc_json_transcoder, envoy.grpc_web, envoy.gzip, envoy.health_check, envoy.http_dynamo_filter, envoy.ip_tagging, envoy.local_rate_limit, envoy.lua, envoy.rate_limit, envoy.router, envoy.squash
[2021-08-17 19:04:15.847][2589][info][main] [source/server/server.cc:309]   envoy.bootstrap: envoy.extensions.network.socket_interface.default_socket_interface
[2021-08-17 19:04:15.847][2589][info][main] [source/server/server.cc:309]   envoy.tracers: envoy.dynamic.ot, envoy.lightstep, envoy.tracers.datadog, envoy.tracers.dynamic_ot, envoy.tracers.lightstep, envoy.tracers.opencensus, envoy.tracers.xray, envoy.tracers.zipkin, envoy.zipkin
[2021-08-17 19:04:15.847][2589][info][main] [source/server/server.cc:309]   envoy.access_loggers: envoy.access_loggers.file, envoy.access_loggers.http_grpc, envoy.access_loggers.tcp_grpc, envoy.file_access_log, envoy.http_grpc_access_log, envoy.tcp_grpc_access_log
[2021-08-17 19:04:15.847][2589][info][main] [source/server/server.cc:309]   envoy.upstreams: envoy.filters.connection_pools.http.generic, envoy.filters.connection_pools.http.http, envoy.filters.connection_pools.http.tcp
[2021-08-17 19:04:15.847][2589][info][main] [source/server/server.cc:309]   envoy.http.cache: envoy.extensions.http.cache.simple
[2021-08-17 19:04:15.847][2589][info][main] [source/server/server.cc:309]   envoy.health_checkers: envoy.health_checkers.redis
[2021-08-17 19:04:15.847][2589][info][main] [source/server/server.cc:309]   envoy.clusters: envoy.cluster.eds, envoy.cluster.logical_dns, envoy.cluster.original_dst, envoy.cluster.static, envoy.cluster.strict_dns, envoy.clusters.aggregate, envoy.clusters.dynamic_forward_proxy, envoy.clusters.redis
[2021-08-17 19:04:15.847][2589][info][main] [source/server/server.cc:309]   envoy.dubbo_proxy.serializers: dubbo.hessian2
[2021-08-17 19:04:15.847][2589][info][main] [source/server/server.cc:309]   envoy.stats_sinks: envoy.dog_statsd, envoy.metrics_service, envoy.stat_sinks.dog_statsd, envoy.stat_sinks.hystrix, envoy.stat_sinks.metrics_service, envoy.stat_sinks.statsd, envoy.statsd
[2021-08-17 19:04:15.847][2589][info][main] [source/server/server.cc:309]   envoy.thrift_proxy.transports: auto, framed, header, unframed
[2021-08-17 19:04:15.847][2589][info][main] [source/server/server.cc:309]   envoy.udp_listeners: quiche_quic_listener, raw_udp_listener
[2021-08-17 19:04:15.847][2589][info][main] [source/server/server.cc:309]   envoy.transport_sockets.downstream: envoy.transport_sockets.alts, envoy.transport_sockets.quic, envoy.transport_sockets.raw_buffer, envoy.transport_sockets.tap, envoy.transport_sockets.tls, raw_buffer, tls
[2021-08-17 19:04:15.847][2589][info][main] [source/server/server.cc:309]   envoy.resolvers: envoy.ip
[2021-08-17 19:04:15.847][2589][info][main] [source/server/server.cc:309]   envoy.resource_monitors: envoy.resource_monitors.fixed_heap, envoy.resource_monitors.injected_resource
[2021-08-17 19:04:15.847][2589][info][main] [source/server/server.cc:309]   envoy.thrift_proxy.filters: envoy.filters.thrift.rate_limit, envoy.filters.thrift.router
[2021-08-17 19:04:15.847][2589][info][main] [source/server/server.cc:309]   envoy.compression.compressor: envoy.compression.gzip.compressor
[2021-08-17 19:04:15.847][2589][info][main] [source/server/server.cc:309]   envoy.filters.udp_listener: envoy.filters.udp.dns_filter, envoy.filters.udp_listener.udp_proxy
[2021-08-17 19:04:15.847][2589][info][main] [source/server/server.cc:309]   envoy.dubbo_proxy.protocols: dubbo
[2021-08-17 19:04:15.847][2589][info][main] [source/server/server.cc:309]   envoy.filters.listener: envoy.filters.listener.http_inspector, envoy.filters.listener.original_dst, envoy.filters.listener.original_src, envoy.filters.listener.proxy_protocol, envoy.filters.listener.tls_inspector, envoy.listener.http_inspector, envoy.listener.original_dst, envoy.listener.original_src, envoy.listener.proxy_protocol, envoy.listener.tls_inspector
[2021-08-17 19:04:15.847][2589][info][main] [source/server/server.cc:309]   envoy.filters.network: envoy.client_ssl_auth, envoy.echo, envoy.ext_authz, envoy.filters.network.client_ssl_auth, envoy.filters.network.direct_response, envoy.filters.network.dubbo_proxy, envoy.filters.network.echo, envoy.filters.network.ext_authz, envoy.filters.network.http_connection_manager, envoy.filters.network.kafka_broker, envoy.filters.network.local_ratelimit, envoy.filters.network.mongo_proxy, envoy.filters.network.mysql_proxy, envoy.filters.network.postgres_proxy, envoy.filters.network.ratelimit, envoy.filters.network.rbac, envoy.filters.network.redis_proxy, envoy.filters.network.rocketmq_proxy, envoy.filters.network.sni_cluster, envoy.filters.network.sni_dynamic_forward_proxy, envoy.filters.network.tcp_proxy, envoy.filters.network.thrift_proxy, envoy.filters.network.zookeeper_proxy, envoy.http_connection_manager, envoy.mongo_proxy, envoy.ratelimit, envoy.redis_proxy, envoy.tcp_proxy
[2021-08-17 19:04:15.847][2589][info][main] [source/server/server.cc:309]   envoy.udp_packet_writers: udp_default_writer, udp_gso_batch_writer
[2021-08-17 19:04:15.847][2589][info][main] [source/server/server.cc:309]   envoy.dubbo_proxy.route_matchers: default
[2021-08-17 19:04:15.847][2589][info][main] [source/server/server.cc:309]   envoy.grpc_credentials: envoy.grpc_credentials.aws_iam, envoy.grpc_credentials.default, envoy.grpc_credentials.file_based_metadata
[2021-08-17 19:04:15.847][2589][info][main] [source/server/server.cc:309]   envoy.retry_priorities: envoy.retry_priorities.previous_priorities
[2021-08-17 19:04:15.847][2589][info][main] [source/server/server.cc:309]   envoy.retry_host_predicates: envoy.retry_host_predicates.omit_canary_hosts, envoy.retry_host_predicates.omit_host_metadata, envoy.retry_host_predicates.previous_hosts
[2021-08-17 19:04:15.847][2589][info][main] [source/server/server.cc:309]   envoy.dubbo_proxy.filters: envoy.filters.dubbo.router
[2021-08-17 19:04:15.847][2589][info][main] [source/server/server.cc:309]   envoy.compression.decompressor: envoy.compression.gzip.decompressor
[2021-08-17 19:04:15.847][2589][info][main] [source/server/server.cc:309]   envoy.transport_sockets.upstream: envoy.transport_sockets.alts, envoy.transport_sockets.quic, envoy.transport_sockets.raw_buffer, envoy.transport_sockets.tap, envoy.transport_sockets.tls, envoy.transport_sockets.upstream_proxy_protocol, raw_buffer, tls
[2021-08-17 19:04:15.847][2589][info][main] [source/server/server.cc:309]   envoy.guarddog_actions: envoy.watchdog.abort_action, envoy.watchdog.profile_action
[2021-08-17 19:04:15.847][2589][info][main] [source/server/server.cc:309]   envoy.quic_server_codec: quiche
[2021-08-17 19:04:15.847][2589][info][main] [source/server/server.cc:309]   envoy.thrift_proxy.protocols: auto, binary, binary/non-strict, compact, twitter
[2021-08-17 19:04:15.867][2589][info][main] [source/server/server.cc:325] HTTP header map info:
[2021-08-17 19:04:15.869][2589][warning][runtime] [source/common/runtime/runtime_features.cc:31] Unable to use runtime singleton for feature envoy.http.headermap.lazy_map_min_size
[2021-08-17 19:04:15.869][2589][warning][runtime] [source/common/runtime/runtime_features.cc:31] Unable to use runtime singleton for feature envoy.http.headermap.lazy_map_min_size
[2021-08-17 19:04:15.869][2589][warning][runtime] [source/common/runtime/runtime_features.cc:31] Unable to use runtime singleton for feature envoy.http.headermap.lazy_map_min_size
[2021-08-17 19:04:15.871][2589][warning][runtime] [source/common/runtime/runtime_features.cc:31] Unable to use runtime singleton for feature envoy.http.headermap.lazy_map_min_size
[2021-08-17 19:04:15.871][2589][info][main] [source/server/server.cc:328]   request header map: 600 bytes: :authority,:method,:path,:protocol,:scheme,accept,accept-encoding,access-control-request-method,authorization,cache-control,cdn-loop,connection,content-encoding,content-length,content-type,expect,grpc-accept-encoding,grpc-timeout,if-match,if-modified-since,if-none-match,if-range,if-unmodified-since,keep-alive,origin,pragma,proxy-connection,referer,te,transfer-encoding,upgrade,user-agent,via,x-client-trace-id,x-envoy-attempt-count,x-envoy-decorator-operation,x-envoy-downstream-service-cluster,x-envoy-downstream-service-node,x-envoy-expected-rq-timeout-ms,x-envoy-external-address,x-envoy-force-trace,x-envoy-hedge-on-per-try-timeout,x-envoy-internal,x-envoy-ip-tags,x-envoy-max-retries,x-envoy-original-path,x-envoy-original-url,x-envoy-retriable-header-names,x-envoy-retriable-status-codes,x-envoy-retry-grpc-on,x-envoy-retry-on,x-envoy-upstream-alt-stat-name,x-envoy-upstream-rq-per-try-timeout-ms,x-envoy-upstream-rq-timeout-alt-response,x-envoy-upstream-rq-timeout-ms,x-forwarded-client-cert,x-forwarded-for,x-forwarded-proto,x-ot-span-context,x-request-id
[2021-08-17 19:04:15.871][2589][info][main] [source/server/server.cc:328]   request trailer map: 120 bytes: 
[2021-08-17 19:04:15.871][2589][info][main] [source/server/server.cc:328]   response header map: 416 bytes: :status,access-control-allow-credentials,access-control-allow-headers,access-control-allow-methods,access-control-allow-origin,access-control-expose-headers,access-control-max-age,age,cache-control,connection,content-encoding,content-length,content-type,date,etag,expires,grpc-message,grpc-status,keep-alive,last-modified,location,proxy-connection,server,transfer-encoding,upgrade,vary,via,x-envoy-attempt-count,x-envoy-decorator-operation,x-envoy-degraded,x-envoy-immediate-health-check-fail,x-envoy-ratelimited,x-envoy-upstream-canary,x-envoy-upstream-healthchecked-cluster,x-envoy-upstream-service-time,x-request-id
[2021-08-17 19:04:15.871][2589][info][main] [source/server/server.cc:328]   response trailer map: 144 bytes: grpc-message,grpc-status
[2021-08-17 19:04:15.878][2589][info][main] [source/server/server.cc:448] admin address: 127.0.0.1:8002
[2021-08-17 19:04:15.880][2589][info][main] [source/server/server.cc:583] runtime: layers:
  - name: rtds_layer_0
    rtds_layer:
      name: rtds_layer_0
      rtds_config:
        ads:
          {}
[2021-08-17 19:04:15.882][2589][info][config] [source/server/configuration_impl.cc:95] loading tracing configuration
[2021-08-17 19:04:15.882][2589][info][config] [source/server/configuration_impl.cc:70] loading 0 static secret(s)
[2021-08-17 19:04:15.882][2589][info][config] [source/server/configuration_impl.cc:76] loading 13 cluster(s)
[2021-08-17 19:04:15.919][2589][info][config] [source/server/configuration_impl.cc:80] loading 0 listener(s)
[2021-08-17 19:04:15.919][2589][info][config] [source/server/configuration_impl.cc:121] loading stats sink configuration
[2021-08-17 19:04:15.920][2589][info][main] [source/server/server.cc:679] starting main dispatch loop
[2021-08-17 19:04:15.936][2589][warning][misc] [source/common/protobuf/utility.cc:294] Configuration does not parse cleanly as v3. v2 configuration is deprecated and will be removed from Envoy at the start of Q1 2021: envoy.service.discovery.v2.Runtime
[2021-08-17 19:04:15.937][2589][info][runtime] [source/common/runtime/runtime_impl.cc:421] RTDS has finished initialization
[2021-08-17 19:04:15.937][2589][info][upstream] [source/common/upstream/cluster_manager_impl.cc:174] cm init: initializing cds
[2021-08-17 19:04:15.939][2589][info][upstream] [source/common/upstream/cds_api_impl.cc:64] cds: add 0 cluster(s), remove 13 cluster(s)
[2021-08-17 19:04:15.939][2589][info][upstream] [source/common/upstream/cluster_manager_impl.cc:178] cm init: all clusters initialized
[2021-08-17 19:04:15.939][2589][info][main] [source/server/server.cc:660] all clusters initialized. initializing init manager
[2021-08-17 19:04:15.945][2589][warning][misc] [source/common/protobuf/utility.cc:294] Configuration does not parse cleanly as v3. v2 configuration is deprecated and will be removed from Envoy at the start of Q1 2021: envoy.api.v2.Listener
[2021-08-17 19:04:15.947][2589][warning][misc] [source/common/protobuf/utility.cc:294] Configuration does not parse cleanly as v3. v2 configuration is deprecated and will be removed from Envoy at the start of Q1 2021: envoy.api.v2.auth.DownstreamTlsContext
[2021-08-17 19:04:15.952][2589][warning][misc] [source/common/protobuf/utility.cc:294] Configuration does not parse cleanly as v3. v2 configuration is deprecated and will be removed from Envoy at the start of Q1 2021: envoy.config.filter.network.http_connection_manager.v2.HttpConnectionManager
[2021-08-17 19:04:15.955][2589][warning][misc] [source/common/protobuf/utility.cc:294] Configuration does not parse cleanly as v3. v2 configuration is deprecated and will be removed from Envoy at the start of Q1 2021: envoy.config.accesslog.v2.FileAccessLog
[2021-08-17 19:04:15.966][2589][info][upstream] [source/server/lds_api.cc:79] lds: add/update listener 'cm_listener:8443:6:P0kW3E'
[2021-08-17 19:04:15.976][2589][info][upstream] [source/server/lds_api.cc:79] lds: add/update listener 'metrics_listener:8070:6:zZY6SP:slave'
[2021-08-17 19:04:15.979][2589][info][upstream] [source/server/lds_api.cc:79] lds: add/update listener 'dummy3337:3337:6'
[2021-08-17 19:04:15.982][2589][info][upstream] [source/server/lds_api.cc:79] lds: add/update listener 'dummy3338:3338:6'
[2021-08-17 19:04:15.986][2589][info][upstream] [source/server/lds_api.cc:79] lds: add/update listener 'cnm_http_listener:8080:6'
[2021-08-17 19:04:16.017][2589][info][upstream] [source/server/lds_api.cc:79] lds: add/update listener 'cnm_https_listener:9443:6:v32TNp'
[2021-08-17 19:04:16.017][2589][info][config] [source/server/listener_manager_impl.cc:888] all dependencies initialized. starting workers
[2021-08-17 19:07:04.385][2589][warning][main] [source/server/server.cc:617] caught SIGTERM
[2021-08-17 19:07:04.385][2589][info][main] [source/server/server.cc:738] shutting down server instance
[2021-08-17 19:07:04.385][2589][info][main] [source/server/server.cc:685] main dispatch loop exited
[2021-08-17 19:07:04.402][2589][warning][config] [bazel-out/k8-opt/bin/source/common/config/_virtual_includes/grpc_stream_lib/common/config/grpc_stream.h:101] StreamListeners gRPC config stream closed: 13, 
[2021-08-17 19:07:04.402][2589][warning][config] [bazel-out/k8-opt/bin/source/common/config/_virtual_includes/grpc_stream_lib/common/config/grpc_stream.h:101] StreamAggregatedResources gRPC config stream closed: 13, 
[2021-08-17 19:07:04.405][2589][info][main] [source/server/server.cc:731] exiting
[2021-08-17 19:07:15.765][5319][info][main] [source/server/server.cc:305] initializing epoch 0 (base id=0, hot restart version=11.104)
[2021-08-17 19:07:15.765][5319][info][main] [source/server/server.cc:307] statically linked extensions:
[2021-08-17 19:07:15.765][5319][info][main] [source/server/server.cc:309]   envoy.quic_client_codec: quiche
[2021-08-17 19:07:15.765][5319][info][main] [source/server/server.cc:309]   envoy.internal_redirect_predicates: envoy.internal_redirect_predicates.allow_listed_routes, envoy.internal_redirect_predicates.previous_routes, envoy.internal_redirect_predicates.safe_cross_scheme
[2021-08-17 19:07:15.765][5319][info][main] [source/server/server.cc:309]   envoy.filters.http: envoy.buffer, envoy.cors, envoy.csrf, envoy.ext_authz, envoy.fault, envoy.filters.http.adaptive_concurrency, envoy.filters.http.admission_control, envoy.filters.http.aws_lambda, envoy.filters.http.aws_request_signing, envoy.filters.http.buffer, envoy.filters.http.cache, envoy.filters.http.cdn_loop, envoy.filters.http.compressor, envoy.filters.http.cors, envoy.filters.http.csrf, envoy.filters.http.decompressor, envoy.filters.http.dynamic_forward_proxy, envoy.filters.http.dynamo, envoy.filters.http.ext_authz, envoy.filters.http.fault, envoy.filters.http.grpc_http1_bridge, envoy.filters.http.grpc_http1_reverse_bridge, envoy.filters.http.grpc_json_transcoder, envoy.filters.http.grpc_stats, envoy.filters.http.grpc_web, envoy.filters.http.gzip, envoy.filters.http.header_to_metadata, envoy.filters.http.health_check, envoy.filters.http.ip_tagging, envoy.filters.http.jwt_authn, envoy.filters.http.local_ratelimit, envoy.filters.http.lua, envoy.filters.http.oauth, envoy.filters.http.on_demand, envoy.filters.http.original_src, envoy.filters.http.ratelimit, envoy.filters.http.rbac, envoy.filters.http.router, envoy.filters.http.squash, envoy.filters.http.tap, envoy.grpc_http1_bridge, envoy.grpc_json_transcoder, envoy.grpc_web, envoy.gzip, envoy.health_check, envoy.http_dynamo_filter, envoy.ip_tagging, envoy.local_rate_limit, envoy.lua, envoy.rate_limit, envoy.router, envoy.squash
[2021-08-17 19:07:15.765][5319][info][main] [source/server/server.cc:309]   envoy.bootstrap: envoy.extensions.network.socket_interface.default_socket_interface
[2021-08-17 19:07:15.765][5319][info][main] [source/server/server.cc:309]   envoy.tracers: envoy.dynamic.ot, envoy.lightstep, envoy.tracers.datadog, envoy.tracers.dynamic_ot, envoy.tracers.lightstep, envoy.tracers.opencensus, envoy.tracers.xray, envoy.tracers.zipkin, envoy.zipkin
[2021-08-17 19:07:15.765][5319][info][main] [source/server/server.cc:309]   envoy.access_loggers: envoy.access_loggers.file, envoy.access_loggers.http_grpc, envoy.access_loggers.tcp_grpc, envoy.file_access_log, envoy.http_grpc_access_log, envoy.tcp_grpc_access_log
[2021-08-17 19:07:15.765][5319][info][main] [source/server/server.cc:309]   envoy.upstreams: envoy.filters.connection_pools.http.generic, envoy.filters.connection_pools.http.http, envoy.filters.connection_pools.http.tcp
[2021-08-17 19:07:15.765][5319][info][main] [source/server/server.cc:309]   envoy.http.cache: envoy.extensions.http.cache.simple
[2021-08-17 19:07:15.765][5319][info][main] [source/server/server.cc:309]   envoy.health_checkers: envoy.health_checkers.redis
[2021-08-17 19:07:15.765][5319][info][main] [source/server/server.cc:309]   envoy.clusters: envoy.cluster.eds, envoy.cluster.logical_dns, envoy.cluster.original_dst, envoy.cluster.static, envoy.cluster.strict_dns, envoy.clusters.aggregate, envoy.clusters.dynamic_forward_proxy, envoy.clusters.redis
[2021-08-17 19:07:15.765][5319][info][main] [source/server/server.cc:309]   envoy.dubbo_proxy.serializers: dubbo.hessian2
[2021-08-17 19:07:15.765][5319][info][main] [source/server/server.cc:309]   envoy.stats_sinks: envoy.dog_statsd, envoy.metrics_service, envoy.stat_sinks.dog_statsd, envoy.stat_sinks.hystrix, envoy.stat_sinks.metrics_service, envoy.stat_sinks.statsd, envoy.statsd
[2021-08-17 19:07:15.765][5319][info][main] [source/server/server.cc:309]   envoy.thrift_proxy.transports: auto, framed, header, unframed
[2021-08-17 19:07:15.765][5319][info][main] [source/server/server.cc:309]   envoy.udp_listeners: quiche_quic_listener, raw_udp_listener
[2021-08-17 19:07:15.765][5319][info][main] [source/server/server.cc:309]   envoy.transport_sockets.downstream: envoy.transport_sockets.alts, envoy.transport_sockets.quic, envoy.transport_sockets.raw_buffer, envoy.transport_sockets.tap, envoy.transport_sockets.tls, raw_buffer, tls
[2021-08-17 19:07:15.765][5319][info][main] [source/server/server.cc:309]   envoy.resolvers: envoy.ip
[2021-08-17 19:07:15.765][5319][info][main] [source/server/server.cc:309]   envoy.resource_monitors: envoy.resource_monitors.fixed_heap, envoy.resource_monitors.injected_resource
[2021-08-17 19:07:15.765][5319][info][main] [source/server/server.cc:309]   envoy.thrift_proxy.filters: envoy.filters.thrift.rate_limit, envoy.filters.thrift.router
[2021-08-17 19:07:15.765][5319][info][main] [source/server/server.cc:309]   envoy.compression.compressor: envoy.compression.gzip.compressor
[2021-08-17 19:07:15.765][5319][info][main] [source/server/server.cc:309]   envoy.filters.udp_listener: envoy.filters.udp.dns_filter, envoy.filters.udp_listener.udp_proxy
[2021-08-17 19:07:15.765][5319][info][main] [source/server/server.cc:309]   envoy.dubbo_proxy.protocols: dubbo
[2021-08-17 19:07:15.765][5319][info][main] [source/server/server.cc:309]   envoy.filters.listener: envoy.filters.listener.http_inspector, envoy.filters.listener.original_dst, envoy.filters.listener.original_src, envoy.filters.listener.proxy_protocol, envoy.filters.listener.tls_inspector, envoy.listener.http_inspector, envoy.listener.original_dst, envoy.listener.original_src, envoy.listener.proxy_protocol, envoy.listener.tls_inspector
[2021-08-17 19:07:15.765][5319][info][main] [source/server/server.cc:309]   envoy.filters.network: envoy.client_ssl_auth, envoy.echo, envoy.ext_authz, envoy.filters.network.client_ssl_auth, envoy.filters.network.direct_response, envoy.filters.network.dubbo_proxy, envoy.filters.network.echo, envoy.filters.network.ext_authz, envoy.filters.network.http_connection_manager, envoy.filters.network.kafka_broker, envoy.filters.network.local_ratelimit, envoy.filters.network.mongo_proxy, envoy.filters.network.mysql_proxy, envoy.filters.network.postgres_proxy, envoy.filters.network.ratelimit, envoy.filters.network.rbac, envoy.filters.network.redis_proxy, envoy.filters.network.rocketmq_proxy, envoy.filters.network.sni_cluster, envoy.filters.network.sni_dynamic_forward_proxy, envoy.filters.network.tcp_proxy, envoy.filters.network.thrift_proxy, envoy.filters.network.zookeeper_proxy, envoy.http_connection_manager, envoy.mongo_proxy, envoy.ratelimit, envoy.redis_proxy, envoy.tcp_proxy
[2021-08-17 19:07:15.765][5319][info][main] [source/server/server.cc:309]   envoy.udp_packet_writers: udp_default_writer, udp_gso_batch_writer
[2021-08-17 19:07:15.765][5319][info][main] [source/server/server.cc:309]   envoy.dubbo_proxy.route_matchers: default
[2021-08-17 19:07:15.765][5319][info][main] [source/server/server.cc:309]   envoy.grpc_credentials: envoy.grpc_credentials.aws_iam, envoy.grpc_credentials.default, envoy.grpc_credentials.file_based_metadata
[2021-08-17 19:07:15.765][5319][info][main] [source/server/server.cc:309]   envoy.retry_priorities: envoy.retry_priorities.previous_priorities
[2021-08-17 19:07:15.765][5319][info][main] [source/server/server.cc:309]   envoy.retry_host_predicates: envoy.retry_host_predicates.omit_canary_hosts, envoy.retry_host_predicates.omit_host_metadata, envoy.retry_host_predicates.previous_hosts
[2021-08-17 19:07:15.765][5319][info][main] [source/server/server.cc:309]   envoy.dubbo_proxy.filters: envoy.filters.dubbo.router
[2021-08-17 19:07:15.765][5319][info][main] [source/server/server.cc:309]   envoy.compression.decompressor: envoy.compression.gzip.decompressor
[2021-08-17 19:07:15.765][5319][info][main] [source/server/server.cc:309]   envoy.transport_sockets.upstream: envoy.transport_sockets.alts, envoy.transport_sockets.quic, envoy.transport_sockets.raw_buffer, envoy.transport_sockets.tap, envoy.transport_sockets.tls, envoy.transport_sockets.upstream_proxy_protocol, raw_buffer, tls
[2021-08-17 19:07:15.765][5319][info][main] [source/server/server.cc:309]   envoy.guarddog_actions: envoy.watchdog.abort_action, envoy.watchdog.profile_action
[2021-08-17 19:07:15.765][5319][info][main] [source/server/server.cc:309]   envoy.quic_server_codec: quiche
[2021-08-17 19:07:15.765][5319][info][main] [source/server/server.cc:309]   envoy.thrift_proxy.protocols: auto, binary, binary/non-strict, compact, twitter
[2021-08-17 19:07:15.779][5319][info][main] [source/server/server.cc:325] HTTP header map info:
[2021-08-17 19:07:15.801][5319][warning][runtime] [source/common/runtime/runtime_features.cc:31] Unable to use runtime singleton for feature envoy.http.headermap.lazy_map_min_size
[2021-08-17 19:07:15.801][5319][warning][runtime] [source/common/runtime/runtime_features.cc:31] Unable to use runtime singleton for feature envoy.http.headermap.lazy_map_min_size
[2021-08-17 19:07:15.802][5319][warning][runtime] [source/common/runtime/runtime_features.cc:31] Unable to use runtime singleton for feature envoy.http.headermap.lazy_map_min_size
[2021-08-17 19:07:15.802][5319][warning][runtime] [source/common/runtime/runtime_features.cc:31] Unable to use runtime singleton for feature envoy.http.headermap.lazy_map_min_size
[2021-08-17 19:07:15.802][5319][info][main] [source/server/server.cc:328]   request header map: 600 bytes: :authority,:method,:path,:protocol,:scheme,accept,accept-encoding,access-control-request-method,authorization,cache-control,cdn-loop,connection,content-encoding,content-length,content-type,expect,grpc-accept-encoding,grpc-timeout,if-match,if-modified-since,if-none-match,if-range,if-unmodified-since,keep-alive,origin,pragma,proxy-connection,referer,te,transfer-encoding,upgrade,user-agent,via,x-client-trace-id,x-envoy-attempt-count,x-envoy-decorator-operation,x-envoy-downstream-service-cluster,x-envoy-downstream-service-node,x-envoy-expected-rq-timeout-ms,x-envoy-external-address,x-envoy-force-trace,x-envoy-hedge-on-per-try-timeout,x-envoy-internal,x-envoy-ip-tags,x-envoy-max-retries,x-envoy-original-path,x-envoy-original-url,x-envoy-retriable-header-names,x-envoy-retriable-status-codes,x-envoy-retry-grpc-on,x-envoy-retry-on,x-envoy-upstream-alt-stat-name,x-envoy-upstream-rq-per-try-timeout-ms,x-envoy-upstream-rq-timeout-alt-response,x-envoy-upstream-rq-timeout-ms,x-forwarded-client-cert,x-forwarded-for,x-forwarded-proto,x-ot-span-context,x-request-id
[2021-08-17 19:07:15.802][5319][info][main] [source/server/server.cc:328]   request trailer map: 120 bytes: 
[2021-08-17 19:07:15.802][5319][info][main] [source/server/server.cc:328]   response header map: 416 bytes: :status,access-control-allow-credentials,access-control-allow-headers,access-control-allow-methods,access-control-allow-origin,access-control-expose-headers,access-control-max-age,age,cache-control,connection,content-encoding,content-length,content-type,date,etag,expires,grpc-message,grpc-status,keep-alive,last-modified,location,proxy-connection,server,transfer-encoding,upgrade,vary,via,x-envoy-attempt-count,x-envoy-decorator-operation,x-envoy-degraded,x-envoy-immediate-health-check-fail,x-envoy-ratelimited,x-envoy-upstream-canary,x-envoy-upstream-healthchecked-cluster,x-envoy-upstream-service-time,x-request-id
[2021-08-17 19:07:15.802][5319][info][main] [source/server/server.cc:328]   response trailer map: 144 bytes: grpc-message,grpc-status
[2021-08-17 19:07:15.807][5319][info][main] [source/server/server.cc:448] admin address: 127.0.0.1:8002
[2021-08-17 19:07:15.808][5319][info][main] [source/server/server.cc:583] runtime: layers:
  - name: rtds_layer_0
    rtds_layer:
      name: rtds_layer_0
      rtds_config:
        ads:
          {}
[2021-08-17 19:07:15.809][5319][info][config] [source/server/configuration_impl.cc:95] loading tracing configuration
[2021-08-17 19:07:15.809][5319][info][config] [source/server/configuration_impl.cc:70] loading 0 static secret(s)
[2021-08-17 19:07:15.809][5319][info][config] [source/server/configuration_impl.cc:76] loading 13 cluster(s)
[2021-08-17 19:07:15.837][5319][info][config] [source/server/configuration_impl.cc:80] loading 0 listener(s)
[2021-08-17 19:07:15.837][5319][info][config] [source/server/configuration_impl.cc:121] loading stats sink configuration
[2021-08-17 19:07:15.839][5319][info][main] [source/server/server.cc:679] starting main dispatch loop
[2021-08-17 19:07:15.843][5319][warning][misc] [source/common/protobuf/utility.cc:294] Configuration does not parse cleanly as v3. v2 configuration is deprecated and will be removed from Envoy at the start of Q1 2021: envoy.service.discovery.v2.Runtime
[2021-08-17 19:07:15.843][5319][info][runtime] [source/common/runtime/runtime_impl.cc:421] RTDS has finished initialization
[2021-08-17 19:07:15.843][5319][info][upstream] [source/common/upstream/cluster_manager_impl.cc:174] cm init: initializing cds
[2021-08-17 19:07:15.844][5319][info][upstream] [source/common/upstream/cds_api_impl.cc:64] cds: add 0 cluster(s), remove 13 cluster(s)
[2021-08-17 19:07:15.844][5319][info][upstream] [source/common/upstream/cluster_manager_impl.cc:178] cm init: all clusters initialized
[2021-08-17 19:07:15.845][5319][info][main] [source/server/server.cc:660] all clusters initialized. initializing init manager
[2021-08-17 19:07:15.848][5319][warning][misc] [source/common/protobuf/utility.cc:294] Configuration does not parse cleanly as v3. v2 configuration is deprecated and will be removed from Envoy at the start of Q1 2021: envoy.api.v2.Listener
[2021-08-17 19:07:15.854][5319][warning][misc] [source/common/protobuf/utility.cc:294] Configuration does not parse cleanly as v3. v2 configuration is deprecated and will be removed from Envoy at the start of Q1 2021: envoy.config.filter.network.http_connection_manager.v2.HttpConnectionManager
[2021-08-17 19:07:15.856][5319][warning][misc] [source/common/protobuf/utility.cc:294] Configuration does not parse cleanly as v3. v2 configuration is deprecated and will be removed from Envoy at the start of Q1 2021: envoy.config.accesslog.v2.FileAccessLog
[2021-08-17 19:07:15.857][5319][info][upstream] [source/server/lds_api.cc:79] lds: add/update listener 'dummy3337:3337:6'
[2021-08-17 19:07:15.860][5319][info][upstream] [source/server/lds_api.cc:79] lds: add/update listener 'dummy3338:3338:6'
[2021-08-17 19:07:15.864][5319][info][upstream] [source/server/lds_api.cc:79] lds: add/update listener 'cnm_http_listener:8080:6'
[2021-08-17 19:07:15.865][5319][warning][misc] [source/common/protobuf/utility.cc:294] Configuration does not parse cleanly as v3. v2 configuration is deprecated and will be removed from Envoy at the start of Q1 2021: envoy.api.v2.auth.DownstreamTlsContext
[2021-08-17 19:07:15.871][5319][info][upstream] [source/server/lds_api.cc:79] lds: add/update listener 'cnm_https_listener:9443:6:v32TNp'
[2021-08-17 19:07:15.876][5319][info][upstream] [source/server/lds_api.cc:79] lds: add/update listener 'cm_listener:8443:6:P0kW3E'
[2021-08-17 19:07:15.885][5319][info][upstream] [source/server/lds_api.cc:79] lds: add/update listener 'metrics_listener:8070:6:zZY6SP:slave'
[2021-08-17 19:07:15.885][5319][info][config] [source/server/listener_manager_impl.cc:888] all dependencies initialized. starting workers
[2021-08-17 12:10:12.412][5319][warning][config] [bazel-out/k8-opt/bin/source/common/config/_virtual_includes/grpc_stream_lib/common/config/grpc_stream.h:101] StreamListeners gRPC config stream closed: 13, 
[2021-08-17 12:10:12.412][5319][warning][config] [bazel-out/k8-opt/bin/source/common/config/_virtual_includes/grpc_stream_lib/common/config/grpc_stream.h:101] StreamClusters gRPC config stream closed: 13, 
[2021-08-17 12:10:12.412][5319][warning][config] [bazel-out/k8-opt/bin/source/common/config/_virtual_includes/grpc_stream_lib/common/config/grpc_stream.h:101] StreamAggregatedResources gRPC config stream closed: 13, 
[2021-08-17 12:10:12.413][5319][warning][main] [source/server/server.cc:617] caught SIGTERM
[2021-08-17 12:10:12.413][5319][info][main] [source/server/server.cc:738] shutting down server instance
[2021-08-17 12:10:12.413][5319][info][main] [source/server/server.cc:685] main dispatch loop exited
[2021-08-17 12:10:12.435][5319][info][main] [source/server/server.cc:731] exiting
[2021-08-17 12:10:23.804][6680][info][main] [source/server/server.cc:305] initializing epoch 0 (base id=0, hot restart version=11.104)
[2021-08-17 12:10:23.804][6680][info][main] [source/server/server.cc:307] statically linked extensions:
[2021-08-17 12:10:23.804][6680][info][main] [source/server/server.cc:309]   envoy.quic_client_codec: quiche
[2021-08-17 12:10:23.804][6680][info][main] [source/server/server.cc:309]   envoy.internal_redirect_predicates: envoy.internal_redirect_predicates.allow_listed_routes, envoy.internal_redirect_predicates.previous_routes, envoy.internal_redirect_predicates.safe_cross_scheme
[2021-08-17 12:10:23.804][6680][info][main] [source/server/server.cc:309]   envoy.filters.http: envoy.buffer, envoy.cors, envoy.csrf, envoy.ext_authz, envoy.fault, envoy.filters.http.adaptive_concurrency, envoy.filters.http.admission_control, envoy.filters.http.aws_lambda, envoy.filters.http.aws_request_signing, envoy.filters.http.buffer, envoy.filters.http.cache, envoy.filters.http.cdn_loop, envoy.filters.http.compressor, envoy.filters.http.cors, envoy.filters.http.csrf, envoy.filters.http.decompressor, envoy.filters.http.dynamic_forward_proxy, envoy.filters.http.dynamo, envoy.filters.http.ext_authz, envoy.filters.http.fault, envoy.filters.http.grpc_http1_bridge, envoy.filters.http.grpc_http1_reverse_bridge, envoy.filters.http.grpc_json_transcoder, envoy.filters.http.grpc_stats, envoy.filters.http.grpc_web, envoy.filters.http.gzip, envoy.filters.http.header_to_metadata, envoy.filters.http.health_check, envoy.filters.http.ip_tagging, envoy.filters.http.jwt_authn, envoy.filters.http.local_ratelimit, envoy.filters.http.lua, envoy.filters.http.oauth, envoy.filters.http.on_demand, envoy.filters.http.original_src, envoy.filters.http.ratelimit, envoy.filters.http.rbac, envoy.filters.http.router, envoy.filters.http.squash, envoy.filters.http.tap, envoy.grpc_http1_bridge, envoy.grpc_json_transcoder, envoy.grpc_web, envoy.gzip, envoy.health_check, envoy.http_dynamo_filter, envoy.ip_tagging, envoy.local_rate_limit, envoy.lua, envoy.rate_limit, envoy.router, envoy.squash
[2021-08-17 12:10:23.804][6680][info][main] [source/server/server.cc:309]   envoy.bootstrap: envoy.extensions.network.socket_interface.default_socket_interface
[2021-08-17 12:10:23.804][6680][info][main] [source/server/server.cc:309]   envoy.tracers: envoy.dynamic.ot, envoy.lightstep, envoy.tracers.datadog, envoy.tracers.dynamic_ot, envoy.tracers.lightstep, envoy.tracers.opencensus, envoy.tracers.xray, envoy.tracers.zipkin, envoy.zipkin
[2021-08-17 12:10:23.804][6680][info][main] [source/server/server.cc:309]   envoy.access_loggers: envoy.access_loggers.file, envoy.access_loggers.http_grpc, envoy.access_loggers.tcp_grpc, envoy.file_access_log, envoy.http_grpc_access_log, envoy.tcp_grpc_access_log
[2021-08-17 12:10:23.804][6680][info][main] [source/server/server.cc:309]   envoy.upstreams: envoy.filters.connection_pools.http.generic, envoy.filters.connection_pools.http.http, envoy.filters.connection_pools.http.tcp
[2021-08-17 12:10:23.804][6680][info][main] [source/server/server.cc:309]   envoy.http.cache: envoy.extensions.http.cache.simple
[2021-08-17 12:10:23.804][6680][info][main] [source/server/server.cc:309]   envoy.health_checkers: envoy.health_checkers.redis
[2021-08-17 12:10:23.804][6680][info][main] [source/server/server.cc:309]   envoy.clusters: envoy.cluster.eds, envoy.cluster.logical_dns, envoy.cluster.original_dst, envoy.cluster.static, envoy.cluster.strict_dns, envoy.clusters.aggregate, envoy.clusters.dynamic_forward_proxy, envoy.clusters.redis
[2021-08-17 12:10:23.804][6680][info][main] [source/server/server.cc:309]   envoy.dubbo_proxy.serializers: dubbo.hessian2
[2021-08-17 12:10:23.804][6680][info][main] [source/server/server.cc:309]   envoy.stats_sinks: envoy.dog_statsd, envoy.metrics_service, envoy.stat_sinks.dog_statsd, envoy.stat_sinks.hystrix, envoy.stat_sinks.metrics_service, envoy.stat_sinks.statsd, envoy.statsd
[2021-08-17 12:10:23.804][6680][info][main] [source/server/server.cc:309]   envoy.thrift_proxy.transports: auto, framed, header, unframed
[2021-08-17 12:10:23.804][6680][info][main] [source/server/server.cc:309]   envoy.udp_listeners: quiche_quic_listener, raw_udp_listener
[2021-08-17 12:10:23.804][6680][info][main] [source/server/server.cc:309]   envoy.transport_sockets.downstream: envoy.transport_sockets.alts, envoy.transport_sockets.quic, envoy.transport_sockets.raw_buffer, envoy.transport_sockets.tap, envoy.transport_sockets.tls, raw_buffer, tls
[2021-08-17 12:10:23.804][6680][info][main] [source/server/server.cc:309]   envoy.resolvers: envoy.ip
[2021-08-17 12:10:23.804][6680][info][main] [source/server/server.cc:309]   envoy.resource_monitors: envoy.resource_monitors.fixed_heap, envoy.resource_monitors.injected_resource
[2021-08-17 12:10:23.804][6680][info][main] [source/server/server.cc:309]   envoy.thrift_proxy.filters: envoy.filters.thrift.rate_limit, envoy.filters.thrift.router
[2021-08-17 12:10:23.804][6680][info][main] [source/server/server.cc:309]   envoy.compression.compressor: envoy.compression.gzip.compressor
[2021-08-17 12:10:23.804][6680][info][main] [source/server/server.cc:309]   envoy.filters.udp_listener: envoy.filters.udp.dns_filter, envoy.filters.udp_listener.udp_proxy
[2021-08-17 12:10:23.804][6680][info][main] [source/server/server.cc:309]   envoy.dubbo_proxy.protocols: dubbo
[2021-08-17 12:10:23.804][6680][info][main] [source/server/server.cc:309]   envoy.filters.listener: envoy.filters.listener.http_inspector, envoy.filters.listener.original_dst, envoy.filters.listener.original_src, envoy.filters.listener.proxy_protocol, envoy.filters.listener.tls_inspector, envoy.listener.http_inspector, envoy.listener.original_dst, envoy.listener.original_src, envoy.listener.proxy_protocol, envoy.listener.tls_inspector
[2021-08-17 12:10:23.804][6680][info][main] [source/server/server.cc:309]   envoy.filters.network: envoy.client_ssl_auth, envoy.echo, envoy.ext_authz, envoy.filters.network.client_ssl_auth, envoy.filters.network.direct_response, envoy.filters.network.dubbo_proxy, envoy.filters.network.echo, envoy.filters.network.ext_authz, envoy.filters.network.http_connection_manager, envoy.filters.network.kafka_broker, envoy.filters.network.local_ratelimit, envoy.filters.network.mongo_proxy, envoy.filters.network.mysql_proxy, envoy.filters.network.postgres_proxy, envoy.filters.network.ratelimit, envoy.filters.network.rbac, envoy.filters.network.redis_proxy, envoy.filters.network.rocketmq_proxy, envoy.filters.network.sni_cluster, envoy.filters.network.sni_dynamic_forward_proxy, envoy.filters.network.tcp_proxy, envoy.filters.network.thrift_proxy, envoy.filters.network.zookeeper_proxy, envoy.http_connection_manager, envoy.mongo_proxy, envoy.ratelimit, envoy.redis_proxy, envoy.tcp_proxy
[2021-08-17 12:10:23.804][6680][info][main] [source/server/server.cc:309]   envoy.udp_packet_writers: udp_default_writer, udp_gso_batch_writer
[2021-08-17 12:10:23.804][6680][info][main] [source/server/server.cc:309]   envoy.dubbo_proxy.route_matchers: default
[2021-08-17 12:10:23.804][6680][info][main] [source/server/server.cc:309]   envoy.grpc_credentials: envoy.grpc_credentials.aws_iam, envoy.grpc_credentials.default, envoy.grpc_credentials.file_based_metadata
[2021-08-17 12:10:23.804][6680][info][main] [source/server/server.cc:309]   envoy.retry_priorities: envoy.retry_priorities.previous_priorities
[2021-08-17 12:10:23.804][6680][info][main] [source/server/server.cc:309]   envoy.retry_host_predicates: envoy.retry_host_predicates.omit_canary_hosts, envoy.retry_host_predicates.omit_host_metadata, envoy.retry_host_predicates.previous_hosts
[2021-08-17 12:10:23.804][6680][info][main] [source/server/server.cc:309]   envoy.dubbo_proxy.filters: envoy.filters.dubbo.router
[2021-08-17 12:10:23.804][6680][info][main] [source/server/server.cc:309]   envoy.compression.decompressor: envoy.compression.gzip.decompressor
[2021-08-17 12:10:23.804][6680][info][main] [source/server/server.cc:309]   envoy.transport_sockets.upstream: envoy.transport_sockets.alts, envoy.transport_sockets.quic, envoy.transport_sockets.raw_buffer, envoy.transport_sockets.tap, envoy.transport_sockets.tls, envoy.transport_sockets.upstream_proxy_protocol, raw_buffer, tls
[2021-08-17 12:10:23.804][6680][info][main] [source/server/server.cc:309]   envoy.guarddog_actions: envoy.watchdog.abort_action, envoy.watchdog.profile_action
[2021-08-17 12:10:23.804][6680][info][main] [source/server/server.cc:309]   envoy.quic_server_codec: quiche
[2021-08-17 12:10:23.804][6680][info][main] [source/server/server.cc:309]   envoy.thrift_proxy.protocols: auto, binary, binary/non-strict, compact, twitter
[2021-08-17 12:10:23.827][6680][info][main] [source/server/server.cc:325] HTTP header map info:
[2021-08-17 12:10:23.828][6680][warning][runtime] [source/common/runtime/runtime_features.cc:31] Unable to use runtime singleton for feature envoy.http.headermap.lazy_map_min_size
[2021-08-17 12:10:23.828][6680][warning][runtime] [source/common/runtime/runtime_features.cc:31] Unable to use runtime singleton for feature envoy.http.headermap.lazy_map_min_size
[2021-08-17 12:10:23.829][6680][warning][runtime] [source/common/runtime/runtime_features.cc:31] Unable to use runtime singleton for feature envoy.http.headermap.lazy_map_min_size
[2021-08-17 12:10:23.829][6680][warning][runtime] [source/common/runtime/runtime_features.cc:31] Unable to use runtime singleton for feature envoy.http.headermap.lazy_map_min_size
[2021-08-17 12:10:23.829][6680][info][main] [source/server/server.cc:328]   request header map: 600 bytes: :authority,:method,:path,:protocol,:scheme,accept,accept-encoding,access-control-request-method,authorization,cache-control,cdn-loop,connection,content-encoding,content-length,content-type,expect,grpc-accept-encoding,grpc-timeout,if-match,if-modified-since,if-none-match,if-range,if-unmodified-since,keep-alive,origin,pragma,proxy-connection,referer,te,transfer-encoding,upgrade,user-agent,via,x-client-trace-id,x-envoy-attempt-count,x-envoy-decorator-operation,x-envoy-downstream-service-cluster,x-envoy-downstream-service-node,x-envoy-expected-rq-timeout-ms,x-envoy-external-address,x-envoy-force-trace,x-envoy-hedge-on-per-try-timeout,x-envoy-internal,x-envoy-ip-tags,x-envoy-max-retries,x-envoy-original-path,x-envoy-original-url,x-envoy-retriable-header-names,x-envoy-retriable-status-codes,x-envoy-retry-grpc-on,x-envoy-retry-on,x-envoy-upstream-alt-stat-name,x-envoy-upstream-rq-per-try-timeout-ms,x-envoy-upstream-rq-timeout-alt-response,x-envoy-upstream-rq-timeout-ms,x-forwarded-client-cert,x-forwarded-for,x-forwarded-proto,x-ot-span-context,x-request-id
[2021-08-17 12:10:23.829][6680][info][main] [source/server/server.cc:328]   request trailer map: 120 bytes: 
[2021-08-17 12:10:23.829][6680][info][main] [source/server/server.cc:328]   response header map: 416 bytes: :status,access-control-allow-credentials,access-control-allow-headers,access-control-allow-methods,access-control-allow-origin,access-control-expose-headers,access-control-max-age,age,cache-control,connection,content-encoding,content-length,content-type,date,etag,expires,grpc-message,grpc-status,keep-alive,last-modified,location,proxy-connection,server,transfer-encoding,upgrade,vary,via,x-envoy-attempt-count,x-envoy-decorator-operation,x-envoy-degraded,x-envoy-immediate-health-check-fail,x-envoy-ratelimited,x-envoy-upstream-canary,x-envoy-upstream-healthchecked-cluster,x-envoy-upstream-service-time,x-request-id
[2021-08-17 12:10:23.829][6680][info][main] [source/server/server.cc:328]   response trailer map: 144 bytes: grpc-message,grpc-status
[2021-08-17 12:10:23.833][6680][info][main] [source/server/server.cc:448] admin address: 127.0.0.1:8002
[2021-08-17 12:10:23.835][6680][info][main] [source/server/server.cc:583] runtime: layers:
  - name: rtds_layer_0
    rtds_layer:
      name: rtds_layer_0
      rtds_config:
        ads:
          {}
[2021-08-17 12:10:23.835][6680][info][config] [source/server/configuration_impl.cc:95] loading tracing configuration
[2021-08-17 12:10:23.835][6680][info][config] [source/server/configuration_impl.cc:70] loading 0 static secret(s)
[2021-08-17 12:10:23.835][6680][info][config] [source/server/configuration_impl.cc:76] loading 13 cluster(s)
[2021-08-17 12:10:23.851][6680][info][config] [source/server/configuration_impl.cc:80] loading 0 listener(s)
[2021-08-17 12:10:23.851][6680][info][config] [source/server/configuration_impl.cc:121] loading stats sink configuration
[2021-08-17 12:10:23.852][6680][info][main] [source/server/server.cc:679] starting main dispatch loop
[2021-08-17 12:10:23.854][6680][warning][misc] [source/common/protobuf/utility.cc:294] Configuration does not parse cleanly as v3. v2 configuration is deprecated and will be removed from Envoy at the start of Q1 2021: envoy.service.discovery.v2.Runtime
[2021-08-17 12:10:23.855][6680][info][runtime] [source/common/runtime/runtime_impl.cc:421] RTDS has finished initialization
[2021-08-17 12:10:23.855][6680][info][upstream] [source/common/upstream/cluster_manager_impl.cc:174] cm init: initializing cds
[2021-08-17 12:10:23.856][6680][info][upstream] [source/common/upstream/cds_api_impl.cc:64] cds: add 0 cluster(s), remove 13 cluster(s)
[2021-08-17 12:10:23.856][6680][info][upstream] [source/common/upstream/cluster_manager_impl.cc:178] cm init: all clusters initialized
[2021-08-17 12:10:23.856][6680][info][main] [source/server/server.cc:660] all clusters initialized. initializing init manager
[2021-08-17 12:10:23.859][6680][warning][misc] [source/common/protobuf/utility.cc:294] Configuration does not parse cleanly as v3. v2 configuration is deprecated and will be removed from Envoy at the start of Q1 2021: envoy.api.v2.Listener
[2021-08-17 12:10:23.862][6680][warning][misc] [source/common/protobuf/utility.cc:294] Configuration does not parse cleanly as v3. v2 configuration is deprecated and will be removed from Envoy at the start of Q1 2021: envoy.api.v2.auth.DownstreamTlsContext
[2021-08-17 12:10:23.867][6680][warning][misc] [source/common/protobuf/utility.cc:294] Configuration does not parse cleanly as v3. v2 configuration is deprecated and will be removed from Envoy at the start of Q1 2021: envoy.config.filter.network.http_connection_manager.v2.HttpConnectionManager
[2021-08-17 12:10:23.870][6680][warning][misc] [source/common/protobuf/utility.cc:294] Configuration does not parse cleanly as v3. v2 configuration is deprecated and will be removed from Envoy at the start of Q1 2021: envoy.config.accesslog.v2.FileAccessLog
[2021-08-17 12:10:23.872][6680][info][upstream] [source/server/lds_api.cc:79] lds: add/update listener 'cnm_https_listener:9443:6:v32TNp'
[2021-08-17 12:10:23.877][6680][info][upstream] [source/server/lds_api.cc:79] lds: add/update listener 'cm_listener:8443:6:P0kW3E'
[2021-08-17 12:10:23.886][6680][info][upstream] [source/server/lds_api.cc:79] lds: add/update listener 'metrics_listener:8070:6:zZY6SP:slave'
[2021-08-17 12:10:23.889][6680][info][upstream] [source/server/lds_api.cc:79] lds: add/update listener 'dummy3337:3337:6'
[2021-08-17 12:10:23.891][6680][info][upstream] [source/server/lds_api.cc:79] lds: add/update listener 'dummy3338:3338:6'
[2021-08-17 12:10:23.895][6680][info][upstream] [source/server/lds_api.cc:79] lds: add/update listener 'cnm_http_listener:8080:6'
[2021-08-17 12:10:23.895][6680][info][config] [source/server/listener_manager_impl.cc:888] all dependencies initialized. starting workers
[2021-08-17 12:25:23.859][6680][info][main] [source/server/drain_manager_impl.cc:70] shutting down parent after drain
