2021-08-17 09:43:35,004 13629 warning main caught SIGTERM
2021-08-17 09:43:35,004 13629 info main shutting down server instance
2021-08-17 09:43:35,004 13629 info main main dispatch loop exited
2021-08-17 09:43:35,043 13629 info main exiting
2021-08-17 09:43:47,175 13436 info main initializing epoch 0 (base id=1, hot restart version=11.104)
2021-08-17 09:43:47,175 13436 info main statically linked extensions:
2021-08-17 09:43:47,176 13436 info main   envoy.quic_client_codec: quiche
2021-08-17 09:43:47,176 13436 info main   envoy.internal_redirect_predicates: envoy.internal_redirect_predicates.allow_listed_routes, envoy.internal_redirect_predicates.previous_routes, envoy.internal_redirect_predicates.safe_cross_scheme
2021-08-17 09:43:47,176 13436 info main   envoy.filters.http: envoy.buffer, envoy.cors, envoy.csrf, envoy.ext_authz, envoy.fault, envoy.filters.http.adaptive_concurrency, envoy.filters.http.admission_control, envoy.filters.http.aws_lambda, envoy.filters.http.aws_request_signing, envoy.filters.http.buffer, envoy.filters.http.cache, envoy.filters.http.cdn_loop, envoy.filters.http.compressor, envoy.filters.http.cors, envoy.filters.http.csrf, envoy.filters.http.decompressor, envoy.filters.http.dynamic_forward_proxy, envoy.filters.http.dynamo, envoy.filters.http.ext_authz, envoy.filters.http.fault, envoy.filters.http.grpc_http1_bridge, envoy.filters.http.grpc_http1_reverse_bridge, envoy.filters.http.grpc_json_transcoder, envoy.filters.http.grpc_stats, envoy.filters.http.grpc_web, envoy.filters.http.gzip, envoy.filters.http.header_to_metadata, envoy.filters.http.health_check, envoy.filters.http.ip_tagging, envoy.filters.http.jwt_authn, envoy.filters.http.local_ratelimit, envoy.filters.http.lua, envoy.filters.http.oauth, envoy.filters.http.on_demand, envoy.filters.http.original_src, envoy.filters.http.ratelimit, envoy.filters.http.rbac, envoy.filters.http.router, envoy.filters.http.squash, envoy.filters.http.tap, envoy.grpc_http1_bridge, envoy.grpc_json_transcoder, envoy.grpc_web, envoy.gzip, envoy.health_check, envoy.http_dynamo_filter, envoy.ip_tagging, envoy.local_rate_limit, envoy.lua, envoy.rate_limit, envoy.router, envoy.squash
2021-08-17 09:43:47,176 13436 info main   envoy.bootstrap: envoy.extensions.network.socket_interface.default_socket_interface
2021-08-17 09:43:47,176 13436 info main   envoy.tracers: envoy.dynamic.ot, envoy.lightstep, envoy.tracers.datadog, envoy.tracers.dynamic_ot, envoy.tracers.lightstep, envoy.tracers.opencensus, envoy.tracers.xray, envoy.tracers.zipkin, envoy.zipkin
2021-08-17 09:43:47,176 13436 info main   envoy.access_loggers: envoy.access_loggers.file, envoy.access_loggers.http_grpc, envoy.access_loggers.tcp_grpc, envoy.file_access_log, envoy.http_grpc_access_log, envoy.tcp_grpc_access_log
2021-08-17 09:43:47,176 13436 info main   envoy.upstreams: envoy.filters.connection_pools.http.generic, envoy.filters.connection_pools.http.http, envoy.filters.connection_pools.http.tcp
2021-08-17 09:43:47,176 13436 info main   envoy.http.cache: envoy.extensions.http.cache.simple
2021-08-17 09:43:47,176 13436 info main   envoy.health_checkers: envoy.health_checkers.redis
2021-08-17 09:43:47,176 13436 info main   envoy.clusters: envoy.cluster.eds, envoy.cluster.logical_dns, envoy.cluster.original_dst, envoy.cluster.static, envoy.cluster.strict_dns, envoy.clusters.aggregate, envoy.clusters.dynamic_forward_proxy, envoy.clusters.redis
2021-08-17 09:43:47,176 13436 info main   envoy.dubbo_proxy.serializers: dubbo.hessian2
2021-08-17 09:43:47,176 13436 info main   envoy.stats_sinks: envoy.dog_statsd, envoy.metrics_service, envoy.stat_sinks.dog_statsd, envoy.stat_sinks.hystrix, envoy.stat_sinks.metrics_service, envoy.stat_sinks.statsd, envoy.statsd
2021-08-17 09:43:47,176 13436 info main   envoy.thrift_proxy.transports: auto, framed, header, unframed
2021-08-17 09:43:47,176 13436 info main   envoy.udp_listeners: quiche_quic_listener, raw_udp_listener
2021-08-17 09:43:47,176 13436 info main   envoy.transport_sockets.downstream: envoy.transport_sockets.alts, envoy.transport_sockets.quic, envoy.transport_sockets.raw_buffer, envoy.transport_sockets.tap, envoy.transport_sockets.tls, raw_buffer, tls
2021-08-17 09:43:47,176 13436 info main   envoy.resolvers: envoy.ip
2021-08-17 09:43:47,176 13436 info main   envoy.resource_monitors: envoy.resource_monitors.fixed_heap, envoy.resource_monitors.injected_resource
2021-08-17 09:43:47,176 13436 info main   envoy.thrift_proxy.filters: envoy.filters.thrift.rate_limit, envoy.filters.thrift.router
2021-08-17 09:43:47,176 13436 info main   envoy.compression.compressor: envoy.compression.gzip.compressor
2021-08-17 09:43:47,176 13436 info main   envoy.filters.udp_listener: envoy.filters.udp.dns_filter, envoy.filters.udp_listener.udp_proxy
2021-08-17 09:43:47,176 13436 info main   envoy.dubbo_proxy.protocols: dubbo
2021-08-17 09:43:47,176 13436 info main   envoy.filters.listener: envoy.filters.listener.http_inspector, envoy.filters.listener.original_dst, envoy.filters.listener.original_src, envoy.filters.listener.proxy_protocol, envoy.filters.listener.tls_inspector, envoy.listener.http_inspector, envoy.listener.original_dst, envoy.listener.original_src, envoy.listener.proxy_protocol, envoy.listener.tls_inspector
2021-08-17 09:43:47,176 13436 info main   envoy.filters.network: envoy.client_ssl_auth, envoy.echo, envoy.ext_authz, envoy.filters.network.client_ssl_auth, envoy.filters.network.direct_response, envoy.filters.network.dubbo_proxy, envoy.filters.network.echo, envoy.filters.network.ext_authz, envoy.filters.network.http_connection_manager, envoy.filters.network.kafka_broker, envoy.filters.network.local_ratelimit, envoy.filters.network.mongo_proxy, envoy.filters.network.mysql_proxy, envoy.filters.network.postgres_proxy, envoy.filters.network.ratelimit, envoy.filters.network.rbac, envoy.filters.network.redis_proxy, envoy.filters.network.rocketmq_proxy, envoy.filters.network.sni_cluster, envoy.filters.network.sni_dynamic_forward_proxy, envoy.filters.network.tcp_proxy, envoy.filters.network.thrift_proxy, envoy.filters.network.zookeeper_proxy, envoy.http_connection_manager, envoy.mongo_proxy, envoy.ratelimit, envoy.redis_proxy, envoy.tcp_proxy
2021-08-17 09:43:47,176 13436 info main   envoy.udp_packet_writers: udp_default_writer, udp_gso_batch_writer
2021-08-17 09:43:47,176 13436 info main   envoy.dubbo_proxy.route_matchers: default
2021-08-17 09:43:47,176 13436 info main   envoy.grpc_credentials: envoy.grpc_credentials.aws_iam, envoy.grpc_credentials.default, envoy.grpc_credentials.file_based_metadata
2021-08-17 09:43:47,176 13436 info main   envoy.retry_priorities: envoy.retry_priorities.previous_priorities
2021-08-17 09:43:47,176 13436 info main   envoy.retry_host_predicates: envoy.retry_host_predicates.omit_canary_hosts, envoy.retry_host_predicates.omit_host_metadata, envoy.retry_host_predicates.previous_hosts
2021-08-17 09:43:47,176 13436 info main   envoy.dubbo_proxy.filters: envoy.filters.dubbo.router
2021-08-17 09:43:47,176 13436 info main   envoy.compression.decompressor: envoy.compression.gzip.decompressor
2021-08-17 09:43:47,176 13436 info main   envoy.transport_sockets.upstream: envoy.transport_sockets.alts, envoy.transport_sockets.quic, envoy.transport_sockets.raw_buffer, envoy.transport_sockets.tap, envoy.transport_sockets.tls, envoy.transport_sockets.upstream_proxy_protocol, raw_buffer, tls
2021-08-17 09:43:47,176 13436 info main   envoy.guarddog_actions: envoy.watchdog.abort_action, envoy.watchdog.profile_action
2021-08-17 09:43:47,176 13436 info main   envoy.quic_server_codec: quiche
2021-08-17 09:43:47,176 13436 info main   envoy.thrift_proxy.protocols: auto, binary, binary/non-strict, compact, twitter
2021-08-17 09:43:47,199 13436 info main HTTP header map info:
2021-08-17 09:43:47,201 13436 warning runtime Unable to use runtime singleton for feature envoy.http.headermap.lazy_map_min_size
2021-08-17 09:43:47,201 13436 warning runtime Unable to use runtime singleton for feature envoy.http.headermap.lazy_map_min_size
2021-08-17 09:43:47,201 13436 warning runtime Unable to use runtime singleton for feature envoy.http.headermap.lazy_map_min_size
2021-08-17 09:43:47,202 13436 warning runtime Unable to use runtime singleton for feature envoy.http.headermap.lazy_map_min_size
2021-08-17 09:43:47,202 13436 info main   request header map: 600 bytes: :authority,:method,:path,:protocol,:scheme,accept,accept-encoding,access-control-request-method,authorization,cache-control,cdn-loop,connection,content-encoding,content-length,content-type,expect,grpc-accept-encoding,grpc-timeout,if-match,if-modified-since,if-none-match,if-range,if-unmodified-since,keep-alive,origin,pragma,proxy-connection,referer,te,transfer-encoding,upgrade,user-agent,via,x-client-trace-id,x-envoy-attempt-count,x-envoy-decorator-operation,x-envoy-downstream-service-cluster,x-envoy-downstream-service-node,x-envoy-expected-rq-timeout-ms,x-envoy-external-address,x-envoy-force-trace,x-envoy-hedge-on-per-try-timeout,x-envoy-internal,x-envoy-ip-tags,x-envoy-max-retries,x-envoy-original-path,x-envoy-original-url,x-envoy-retriable-header-names,x-envoy-retriable-status-codes,x-envoy-retry-grpc-on,x-envoy-retry-on,x-envoy-upstream-alt-stat-name,x-envoy-upstream-rq-per-try-timeout-ms,x-envoy-upstream-rq-timeout-alt-response,x-envoy-upstream-rq-timeout-ms,x-forwarded-client-cert,x-forwarded-for,x-forwarded-proto,x-ot-span-context,x-request-id
2021-08-17 09:43:47,202 13436 info main   request trailer map: 120 bytes: 
2021-08-17 09:43:47,202 13436 info main   response header map: 416 bytes: :status,access-control-allow-credentials,access-control-allow-headers,access-control-allow-methods,access-control-allow-origin,access-control-expose-headers,access-control-max-age,age,cache-control,connection,content-encoding,content-length,content-type,date,etag,expires,grpc-message,grpc-status,keep-alive,last-modified,location,proxy-connection,server,transfer-encoding,upgrade,vary,via,x-envoy-attempt-count,x-envoy-decorator-operation,x-envoy-degraded,x-envoy-immediate-health-check-fail,x-envoy-ratelimited,x-envoy-upstream-canary,x-envoy-upstream-healthchecked-cluster,x-envoy-upstream-service-time,x-request-id
2021-08-17 09:43:47,202 13436 info main   response trailer map: 144 bytes: grpc-message,grpc-status
2021-08-17 09:43:47,216 13436 info main admin address: 127.0.0.1:8006
2021-08-17 09:43:47,218 13436 info main runtime: layers:
  - name: static_layer_0
    static_layer:
      overload:
        global_downstream_max_connections: 512
2021-08-17 09:43:47,218 13436 info config loading tracing configuration
2021-08-17 09:43:47,218 13436 info config loading 0 static secret(s)
2021-08-17 09:43:47,218 13436 info config loading 1 cluster(s)
2021-08-17 09:43:47,220 13436 info config loading 1 listener(s)
2021-08-17 09:43:47,221 13436 warning misc Configuration does not parse cleanly as v3. v2 configuration is deprecated and will be removed from Envoy at the start of Q1 2021: envoy.api.v2.auth.DownstreamTlsContext
2021-08-17 09:43:47,226 13436 warning misc Configuration does not parse cleanly as v3. v2 configuration is deprecated and will be removed from Envoy at the start of Q1 2021: envoy.config.filter.network.http_connection_manager.v2.HttpConnectionManager
2021-08-17 09:43:47,228 13436 warning misc Using deprecated extension name 'envoy.router' for 'envoy.filters.http.router'. This name will be removed from Envoy soon. Please see https://www.envoyproxy.io/docs/envoy/latest/version_history/version_history for details.
2021-08-17 09:43:47,229 13436 info misc Applying X509_V_FLAG_PARTIAL_CHAIN on TLS contexts
2021-08-17 09:43:47,230 13436 info config loading stats sink configuration
2021-08-17 09:43:47,230 13436 info runtime RTDS has finished initialization
2021-08-17 09:43:47,230 13436 info upstream cm init: all clusters initialized
2021-08-17 09:43:47,230 13436 info main all clusters initialized. initializing init manager
2021-08-17 09:43:47,230 13436 info config all dependencies initialized. starting workers
2021-08-17 09:43:47,246 13436 info main starting main dispatch loop
2021-08-17 09:58:47,247 13436 info main shutting down parent after drain
2021-08-17 19:04:15,855 2585 info main initializing epoch 0 (base id=1, hot restart version=11.104)
2021-08-17 19:04:15,855 2585 info main statically linked extensions:
2021-08-17 19:04:15,855 2585 info main   envoy.quic_client_codec: quiche
2021-08-17 19:04:15,855 2585 info main   envoy.internal_redirect_predicates: envoy.internal_redirect_predicates.allow_listed_routes, envoy.internal_redirect_predicates.previous_routes, envoy.internal_redirect_predicates.safe_cross_scheme
2021-08-17 19:04:15,855 2585 info main   envoy.filters.http: envoy.buffer, envoy.cors, envoy.csrf, envoy.ext_authz, envoy.fault, envoy.filters.http.adaptive_concurrency, envoy.filters.http.admission_control, envoy.filters.http.aws_lambda, envoy.filters.http.aws_request_signing, envoy.filters.http.buffer, envoy.filters.http.cache, envoy.filters.http.cdn_loop, envoy.filters.http.compressor, envoy.filters.http.cors, envoy.filters.http.csrf, envoy.filters.http.decompressor, envoy.filters.http.dynamic_forward_proxy, envoy.filters.http.dynamo, envoy.filters.http.ext_authz, envoy.filters.http.fault, envoy.filters.http.grpc_http1_bridge, envoy.filters.http.grpc_http1_reverse_bridge, envoy.filters.http.grpc_json_transcoder, envoy.filters.http.grpc_stats, envoy.filters.http.grpc_web, envoy.filters.http.gzip, envoy.filters.http.header_to_metadata, envoy.filters.http.health_check, envoy.filters.http.ip_tagging, envoy.filters.http.jwt_authn, envoy.filters.http.local_ratelimit, envoy.filters.http.lua, envoy.filters.http.oauth, envoy.filters.http.on_demand, envoy.filters.http.original_src, envoy.filters.http.ratelimit, envoy.filters.http.rbac, envoy.filters.http.router, envoy.filters.http.squash, envoy.filters.http.tap, envoy.grpc_http1_bridge, envoy.grpc_json_transcoder, envoy.grpc_web, envoy.gzip, envoy.health_check, envoy.http_dynamo_filter, envoy.ip_tagging, envoy.local_rate_limit, envoy.lua, envoy.rate_limit, envoy.router, envoy.squash
2021-08-17 19:04:15,855 2585 info main   envoy.bootstrap: envoy.extensions.network.socket_interface.default_socket_interface
2021-08-17 19:04:15,855 2585 info main   envoy.tracers: envoy.dynamic.ot, envoy.lightstep, envoy.tracers.datadog, envoy.tracers.dynamic_ot, envoy.tracers.lightstep, envoy.tracers.opencensus, envoy.tracers.xray, envoy.tracers.zipkin, envoy.zipkin
2021-08-17 19:04:15,855 2585 info main   envoy.access_loggers: envoy.access_loggers.file, envoy.access_loggers.http_grpc, envoy.access_loggers.tcp_grpc, envoy.file_access_log, envoy.http_grpc_access_log, envoy.tcp_grpc_access_log
2021-08-17 19:04:15,855 2585 info main   envoy.upstreams: envoy.filters.connection_pools.http.generic, envoy.filters.connection_pools.http.http, envoy.filters.connection_pools.http.tcp
2021-08-17 19:04:15,855 2585 info main   envoy.http.cache: envoy.extensions.http.cache.simple
2021-08-17 19:04:15,855 2585 info main   envoy.health_checkers: envoy.health_checkers.redis
2021-08-17 19:04:15,855 2585 info main   envoy.clusters: envoy.cluster.eds, envoy.cluster.logical_dns, envoy.cluster.original_dst, envoy.cluster.static, envoy.cluster.strict_dns, envoy.clusters.aggregate, envoy.clusters.dynamic_forward_proxy, envoy.clusters.redis
2021-08-17 19:04:15,855 2585 info main   envoy.dubbo_proxy.serializers: dubbo.hessian2
2021-08-17 19:04:15,855 2585 info main   envoy.stats_sinks: envoy.dog_statsd, envoy.metrics_service, envoy.stat_sinks.dog_statsd, envoy.stat_sinks.hystrix, envoy.stat_sinks.metrics_service, envoy.stat_sinks.statsd, envoy.statsd
2021-08-17 19:04:15,855 2585 info main   envoy.thrift_proxy.transports: auto, framed, header, unframed
2021-08-17 19:04:15,855 2585 info main   envoy.udp_listeners: quiche_quic_listener, raw_udp_listener
2021-08-17 19:04:15,855 2585 info main   envoy.transport_sockets.downstream: envoy.transport_sockets.alts, envoy.transport_sockets.quic, envoy.transport_sockets.raw_buffer, envoy.transport_sockets.tap, envoy.transport_sockets.tls, raw_buffer, tls
2021-08-17 19:04:15,855 2585 info main   envoy.resolvers: envoy.ip
2021-08-17 19:04:15,855 2585 info main   envoy.resource_monitors: envoy.resource_monitors.fixed_heap, envoy.resource_monitors.injected_resource
2021-08-17 19:04:15,855 2585 info main   envoy.thrift_proxy.filters: envoy.filters.thrift.rate_limit, envoy.filters.thrift.router
2021-08-17 19:04:15,855 2585 info main   envoy.compression.compressor: envoy.compression.gzip.compressor
2021-08-17 19:04:15,855 2585 info main   envoy.filters.udp_listener: envoy.filters.udp.dns_filter, envoy.filters.udp_listener.udp_proxy
2021-08-17 19:04:15,855 2585 info main   envoy.dubbo_proxy.protocols: dubbo
2021-08-17 19:04:15,855 2585 info main   envoy.filters.listener: envoy.filters.listener.http_inspector, envoy.filters.listener.original_dst, envoy.filters.listener.original_src, envoy.filters.listener.proxy_protocol, envoy.filters.listener.tls_inspector, envoy.listener.http_inspector, envoy.listener.original_dst, envoy.listener.original_src, envoy.listener.proxy_protocol, envoy.listener.tls_inspector
2021-08-17 19:04:15,855 2585 info main   envoy.filters.network: envoy.client_ssl_auth, envoy.echo, envoy.ext_authz, envoy.filters.network.client_ssl_auth, envoy.filters.network.direct_response, envoy.filters.network.dubbo_proxy, envoy.filters.network.echo, envoy.filters.network.ext_authz, envoy.filters.network.http_connection_manager, envoy.filters.network.kafka_broker, envoy.filters.network.local_ratelimit, envoy.filters.network.mongo_proxy, envoy.filters.network.mysql_proxy, envoy.filters.network.postgres_proxy, envoy.filters.network.ratelimit, envoy.filters.network.rbac, envoy.filters.network.redis_proxy, envoy.filters.network.rocketmq_proxy, envoy.filters.network.sni_cluster, envoy.filters.network.sni_dynamic_forward_proxy, envoy.filters.network.tcp_proxy, envoy.filters.network.thrift_proxy, envoy.filters.network.zookeeper_proxy, envoy.http_connection_manager, envoy.mongo_proxy, envoy.ratelimit, envoy.redis_proxy, envoy.tcp_proxy
2021-08-17 19:04:15,855 2585 info main   envoy.udp_packet_writers: udp_default_writer, udp_gso_batch_writer
2021-08-17 19:04:15,855 2585 info main   envoy.dubbo_proxy.route_matchers: default
2021-08-17 19:04:15,855 2585 info main   envoy.grpc_credentials: envoy.grpc_credentials.aws_iam, envoy.grpc_credentials.default, envoy.grpc_credentials.file_based_metadata
2021-08-17 19:04:15,855 2585 info main   envoy.retry_priorities: envoy.retry_priorities.previous_priorities
2021-08-17 19:04:15,855 2585 info main   envoy.retry_host_predicates: envoy.retry_host_predicates.omit_canary_hosts, envoy.retry_host_predicates.omit_host_metadata, envoy.retry_host_predicates.previous_hosts
2021-08-17 19:04:15,855 2585 info main   envoy.dubbo_proxy.filters: envoy.filters.dubbo.router
2021-08-17 19:04:15,855 2585 info main   envoy.compression.decompressor: envoy.compression.gzip.decompressor
2021-08-17 19:04:15,855 2585 info main   envoy.transport_sockets.upstream: envoy.transport_sockets.alts, envoy.transport_sockets.quic, envoy.transport_sockets.raw_buffer, envoy.transport_sockets.tap, envoy.transport_sockets.tls, envoy.transport_sockets.upstream_proxy_protocol, raw_buffer, tls
2021-08-17 19:04:15,855 2585 info main   envoy.guarddog_actions: envoy.watchdog.abort_action, envoy.watchdog.profile_action
2021-08-17 19:04:15,855 2585 info main   envoy.quic_server_codec: quiche
2021-08-17 19:04:15,855 2585 info main   envoy.thrift_proxy.protocols: auto, binary, binary/non-strict, compact, twitter
2021-08-17 19:04:15,869 2585 info main HTTP header map info:
2021-08-17 19:04:15,870 2585 warning runtime Unable to use runtime singleton for feature envoy.http.headermap.lazy_map_min_size
2021-08-17 19:04:15,870 2585 warning runtime Unable to use runtime singleton for feature envoy.http.headermap.lazy_map_min_size
2021-08-17 19:04:15,871 2585 warning runtime Unable to use runtime singleton for feature envoy.http.headermap.lazy_map_min_size
2021-08-17 19:04:15,871 2585 warning runtime Unable to use runtime singleton for feature envoy.http.headermap.lazy_map_min_size
2021-08-17 19:04:15,871 2585 info main   request header map: 600 bytes: :authority,:method,:path,:protocol,:scheme,accept,accept-encoding,access-control-request-method,authorization,cache-control,cdn-loop,connection,content-encoding,content-length,content-type,expect,grpc-accept-encoding,grpc-timeout,if-match,if-modified-since,if-none-match,if-range,if-unmodified-since,keep-alive,origin,pragma,proxy-connection,referer,te,transfer-encoding,upgrade,user-agent,via,x-client-trace-id,x-envoy-attempt-count,x-envoy-decorator-operation,x-envoy-downstream-service-cluster,x-envoy-downstream-service-node,x-envoy-expected-rq-timeout-ms,x-envoy-external-address,x-envoy-force-trace,x-envoy-hedge-on-per-try-timeout,x-envoy-internal,x-envoy-ip-tags,x-envoy-max-retries,x-envoy-original-path,x-envoy-original-url,x-envoy-retriable-header-names,x-envoy-retriable-status-codes,x-envoy-retry-grpc-on,x-envoy-retry-on,x-envoy-upstream-alt-stat-name,x-envoy-upstream-rq-per-try-timeout-ms,x-envoy-upstream-rq-timeout-alt-response,x-envoy-upstream-rq-timeout-ms,x-forwarded-client-cert,x-forwarded-for,x-forwarded-proto,x-ot-span-context,x-request-id
2021-08-17 19:04:15,871 2585 info main   request trailer map: 120 bytes: 
2021-08-17 19:04:15,871 2585 info main   response header map: 416 bytes: :status,access-control-allow-credentials,access-control-allow-headers,access-control-allow-methods,access-control-allow-origin,access-control-expose-headers,access-control-max-age,age,cache-control,connection,content-encoding,content-length,content-type,date,etag,expires,grpc-message,grpc-status,keep-alive,last-modified,location,proxy-connection,server,transfer-encoding,upgrade,vary,via,x-envoy-attempt-count,x-envoy-decorator-operation,x-envoy-degraded,x-envoy-immediate-health-check-fail,x-envoy-ratelimited,x-envoy-upstream-canary,x-envoy-upstream-healthchecked-cluster,x-envoy-upstream-service-time,x-request-id
2021-08-17 19:04:15,871 2585 info main   response trailer map: 144 bytes: grpc-message,grpc-status
2021-08-17 19:04:15,908 2585 info main admin address: 127.0.0.1:8006
2021-08-17 19:04:15,909 2585 info main runtime: layers:
  - name: static_layer_0
    static_layer:
      overload:
        global_downstream_max_connections: 512
2021-08-17 19:04:15,910 2585 info config loading tracing configuration
2021-08-17 19:04:15,910 2585 info config loading 0 static secret(s)
2021-08-17 19:04:15,910 2585 info config loading 1 cluster(s)
2021-08-17 19:04:15,912 2585 info config loading 1 listener(s)
2021-08-17 19:04:15,913 2585 warning misc Configuration does not parse cleanly as v3. v2 configuration is deprecated and will be removed from Envoy at the start of Q1 2021: envoy.api.v2.auth.DownstreamTlsContext
2021-08-17 19:04:15,917 2585 warning misc Configuration does not parse cleanly as v3. v2 configuration is deprecated and will be removed from Envoy at the start of Q1 2021: envoy.config.filter.network.http_connection_manager.v2.HttpConnectionManager
2021-08-17 19:04:15,925 2585 warning misc Using deprecated extension name 'envoy.router' for 'envoy.filters.http.router'. This name will be removed from Envoy soon. Please see https://www.envoyproxy.io/docs/envoy/latest/version_history/version_history for details.
2021-08-17 19:04:15,938 2585 info misc Applying X509_V_FLAG_PARTIAL_CHAIN on TLS contexts
2021-08-17 19:04:15,939 2585 info config loading stats sink configuration
2021-08-17 19:04:15,939 2585 info runtime RTDS has finished initialization
2021-08-17 19:04:15,939 2585 info upstream cm init: all clusters initialized
2021-08-17 19:04:15,940 2585 info main all clusters initialized. initializing init manager
2021-08-17 19:04:15,940 2585 info config all dependencies initialized. starting workers
2021-08-17 19:04:15,941 2585 info main starting main dispatch loop
2021-08-17 19:07:04,385 2585 warning main caught SIGTERM
2021-08-17 19:07:04,385 2585 info main shutting down server instance
2021-08-17 19:07:04,385 2585 info main main dispatch loop exited
2021-08-17 19:07:04,413 2585 info main exiting
2021-08-17 19:07:15,749 5296 info main initializing epoch 0 (base id=1, hot restart version=11.104)
2021-08-17 19:07:15,749 5296 info main statically linked extensions:
2021-08-17 19:07:15,749 5296 info main   envoy.quic_client_codec: quiche
2021-08-17 19:07:15,749 5296 info main   envoy.internal_redirect_predicates: envoy.internal_redirect_predicates.allow_listed_routes, envoy.internal_redirect_predicates.previous_routes, envoy.internal_redirect_predicates.safe_cross_scheme
2021-08-17 19:07:15,749 5296 info main   envoy.filters.http: envoy.buffer, envoy.cors, envoy.csrf, envoy.ext_authz, envoy.fault, envoy.filters.http.adaptive_concurrency, envoy.filters.http.admission_control, envoy.filters.http.aws_lambda, envoy.filters.http.aws_request_signing, envoy.filters.http.buffer, envoy.filters.http.cache, envoy.filters.http.cdn_loop, envoy.filters.http.compressor, envoy.filters.http.cors, envoy.filters.http.csrf, envoy.filters.http.decompressor, envoy.filters.http.dynamic_forward_proxy, envoy.filters.http.dynamo, envoy.filters.http.ext_authz, envoy.filters.http.fault, envoy.filters.http.grpc_http1_bridge, envoy.filters.http.grpc_http1_reverse_bridge, envoy.filters.http.grpc_json_transcoder, envoy.filters.http.grpc_stats, envoy.filters.http.grpc_web, envoy.filters.http.gzip, envoy.filters.http.header_to_metadata, envoy.filters.http.health_check, envoy.filters.http.ip_tagging, envoy.filters.http.jwt_authn, envoy.filters.http.local_ratelimit, envoy.filters.http.lua, envoy.filters.http.oauth, envoy.filters.http.on_demand, envoy.filters.http.original_src, envoy.filters.http.ratelimit, envoy.filters.http.rbac, envoy.filters.http.router, envoy.filters.http.squash, envoy.filters.http.tap, envoy.grpc_http1_bridge, envoy.grpc_json_transcoder, envoy.grpc_web, envoy.gzip, envoy.health_check, envoy.http_dynamo_filter, envoy.ip_tagging, envoy.local_rate_limit, envoy.lua, envoy.rate_limit, envoy.router, envoy.squash
2021-08-17 19:07:15,749 5296 info main   envoy.bootstrap: envoy.extensions.network.socket_interface.default_socket_interface
2021-08-17 19:07:15,749 5296 info main   envoy.tracers: envoy.dynamic.ot, envoy.lightstep, envoy.tracers.datadog, envoy.tracers.dynamic_ot, envoy.tracers.lightstep, envoy.tracers.opencensus, envoy.tracers.xray, envoy.tracers.zipkin, envoy.zipkin
2021-08-17 19:07:15,749 5296 info main   envoy.access_loggers: envoy.access_loggers.file, envoy.access_loggers.http_grpc, envoy.access_loggers.tcp_grpc, envoy.file_access_log, envoy.http_grpc_access_log, envoy.tcp_grpc_access_log
2021-08-17 19:07:15,749 5296 info main   envoy.upstreams: envoy.filters.connection_pools.http.generic, envoy.filters.connection_pools.http.http, envoy.filters.connection_pools.http.tcp
2021-08-17 19:07:15,749 5296 info main   envoy.http.cache: envoy.extensions.http.cache.simple
2021-08-17 19:07:15,749 5296 info main   envoy.health_checkers: envoy.health_checkers.redis
2021-08-17 19:07:15,749 5296 info main   envoy.clusters: envoy.cluster.eds, envoy.cluster.logical_dns, envoy.cluster.original_dst, envoy.cluster.static, envoy.cluster.strict_dns, envoy.clusters.aggregate, envoy.clusters.dynamic_forward_proxy, envoy.clusters.redis
2021-08-17 19:07:15,749 5296 info main   envoy.dubbo_proxy.serializers: dubbo.hessian2
2021-08-17 19:07:15,749 5296 info main   envoy.stats_sinks: envoy.dog_statsd, envoy.metrics_service, envoy.stat_sinks.dog_statsd, envoy.stat_sinks.hystrix, envoy.stat_sinks.metrics_service, envoy.stat_sinks.statsd, envoy.statsd
2021-08-17 19:07:15,749 5296 info main   envoy.thrift_proxy.transports: auto, framed, header, unframed
2021-08-17 19:07:15,749 5296 info main   envoy.udp_listeners: quiche_quic_listener, raw_udp_listener
2021-08-17 19:07:15,749 5296 info main   envoy.transport_sockets.downstream: envoy.transport_sockets.alts, envoy.transport_sockets.quic, envoy.transport_sockets.raw_buffer, envoy.transport_sockets.tap, envoy.transport_sockets.tls, raw_buffer, tls
2021-08-17 19:07:15,749 5296 info main   envoy.resolvers: envoy.ip
2021-08-17 19:07:15,749 5296 info main   envoy.resource_monitors: envoy.resource_monitors.fixed_heap, envoy.resource_monitors.injected_resource
2021-08-17 19:07:15,749 5296 info main   envoy.thrift_proxy.filters: envoy.filters.thrift.rate_limit, envoy.filters.thrift.router
2021-08-17 19:07:15,749 5296 info main   envoy.compression.compressor: envoy.compression.gzip.compressor
2021-08-17 19:07:15,749 5296 info main   envoy.filters.udp_listener: envoy.filters.udp.dns_filter, envoy.filters.udp_listener.udp_proxy
2021-08-17 19:07:15,749 5296 info main   envoy.dubbo_proxy.protocols: dubbo
2021-08-17 19:07:15,749 5296 info main   envoy.filters.listener: envoy.filters.listener.http_inspector, envoy.filters.listener.original_dst, envoy.filters.listener.original_src, envoy.filters.listener.proxy_protocol, envoy.filters.listener.tls_inspector, envoy.listener.http_inspector, envoy.listener.original_dst, envoy.listener.original_src, envoy.listener.proxy_protocol, envoy.listener.tls_inspector
2021-08-17 19:07:15,749 5296 info main   envoy.filters.network: envoy.client_ssl_auth, envoy.echo, envoy.ext_authz, envoy.filters.network.client_ssl_auth, envoy.filters.network.direct_response, envoy.filters.network.dubbo_proxy, envoy.filters.network.echo, envoy.filters.network.ext_authz, envoy.filters.network.http_connection_manager, envoy.filters.network.kafka_broker, envoy.filters.network.local_ratelimit, envoy.filters.network.mongo_proxy, envoy.filters.network.mysql_proxy, envoy.filters.network.postgres_proxy, envoy.filters.network.ratelimit, envoy.filters.network.rbac, envoy.filters.network.redis_proxy, envoy.filters.network.rocketmq_proxy, envoy.filters.network.sni_cluster, envoy.filters.network.sni_dynamic_forward_proxy, envoy.filters.network.tcp_proxy, envoy.filters.network.thrift_proxy, envoy.filters.network.zookeeper_proxy, envoy.http_connection_manager, envoy.mongo_proxy, envoy.ratelimit, envoy.redis_proxy, envoy.tcp_proxy
2021-08-17 19:07:15,749 5296 info main   envoy.udp_packet_writers: udp_default_writer, udp_gso_batch_writer
2021-08-17 19:07:15,749 5296 info main   envoy.dubbo_proxy.route_matchers: default
2021-08-17 19:07:15,749 5296 info main   envoy.grpc_credentials: envoy.grpc_credentials.aws_iam, envoy.grpc_credentials.default, envoy.grpc_credentials.file_based_metadata
2021-08-17 19:07:15,749 5296 info main   envoy.retry_priorities: envoy.retry_priorities.previous_priorities
2021-08-17 19:07:15,749 5296 info main   envoy.retry_host_predicates: envoy.retry_host_predicates.omit_canary_hosts, envoy.retry_host_predicates.omit_host_metadata, envoy.retry_host_predicates.previous_hosts
2021-08-17 19:07:15,749 5296 info main   envoy.dubbo_proxy.filters: envoy.filters.dubbo.router
2021-08-17 19:07:15,749 5296 info main   envoy.compression.decompressor: envoy.compression.gzip.decompressor
2021-08-17 19:07:15,749 5296 info main   envoy.transport_sockets.upstream: envoy.transport_sockets.alts, envoy.transport_sockets.quic, envoy.transport_sockets.raw_buffer, envoy.transport_sockets.tap, envoy.transport_sockets.tls, envoy.transport_sockets.upstream_proxy_protocol, raw_buffer, tls
2021-08-17 19:07:15,749 5296 info main   envoy.guarddog_actions: envoy.watchdog.abort_action, envoy.watchdog.profile_action
2021-08-17 19:07:15,749 5296 info main   envoy.quic_server_codec: quiche
2021-08-17 19:07:15,749 5296 info main   envoy.thrift_proxy.protocols: auto, binary, binary/non-strict, compact, twitter
2021-08-17 19:07:15,762 5296 info main HTTP header map info:
2021-08-17 19:07:15,764 5296 warning runtime Unable to use runtime singleton for feature envoy.http.headermap.lazy_map_min_size
2021-08-17 19:07:15,764 5296 warning runtime Unable to use runtime singleton for feature envoy.http.headermap.lazy_map_min_size
2021-08-17 19:07:15,765 5296 warning runtime Unable to use runtime singleton for feature envoy.http.headermap.lazy_map_min_size
2021-08-17 19:07:15,765 5296 warning runtime Unable to use runtime singleton for feature envoy.http.headermap.lazy_map_min_size
2021-08-17 19:07:15,765 5296 info main   request header map: 600 bytes: :authority,:method,:path,:protocol,:scheme,accept,accept-encoding,access-control-request-method,authorization,cache-control,cdn-loop,connection,content-encoding,content-length,content-type,expect,grpc-accept-encoding,grpc-timeout,if-match,if-modified-since,if-none-match,if-range,if-unmodified-since,keep-alive,origin,pragma,proxy-connection,referer,te,transfer-encoding,upgrade,user-agent,via,x-client-trace-id,x-envoy-attempt-count,x-envoy-decorator-operation,x-envoy-downstream-service-cluster,x-envoy-downstream-service-node,x-envoy-expected-rq-timeout-ms,x-envoy-external-address,x-envoy-force-trace,x-envoy-hedge-on-per-try-timeout,x-envoy-internal,x-envoy-ip-tags,x-envoy-max-retries,x-envoy-original-path,x-envoy-original-url,x-envoy-retriable-header-names,x-envoy-retriable-status-codes,x-envoy-retry-grpc-on,x-envoy-retry-on,x-envoy-upstream-alt-stat-name,x-envoy-upstream-rq-per-try-timeout-ms,x-envoy-upstream-rq-timeout-alt-response,x-envoy-upstream-rq-timeout-ms,x-forwarded-client-cert,x-forwarded-for,x-forwarded-proto,x-ot-span-context,x-request-id
2021-08-17 19:07:15,765 5296 info main   request trailer map: 120 bytes: 
2021-08-17 19:07:15,765 5296 info main   response header map: 416 bytes: :status,access-control-allow-credentials,access-control-allow-headers,access-control-allow-methods,access-control-allow-origin,access-control-expose-headers,access-control-max-age,age,cache-control,connection,content-encoding,content-length,content-type,date,etag,expires,grpc-message,grpc-status,keep-alive,last-modified,location,proxy-connection,server,transfer-encoding,upgrade,vary,via,x-envoy-attempt-count,x-envoy-decorator-operation,x-envoy-degraded,x-envoy-immediate-health-check-fail,x-envoy-ratelimited,x-envoy-upstream-canary,x-envoy-upstream-healthchecked-cluster,x-envoy-upstream-service-time,x-request-id
2021-08-17 19:07:15,765 5296 info main   response trailer map: 144 bytes: grpc-message,grpc-status
2021-08-17 19:07:15,783 5296 info main admin address: 127.0.0.1:8006
2021-08-17 19:07:15,784 5296 info main runtime: layers:
  - name: static_layer_0
    static_layer:
      overload:
        global_downstream_max_connections: 512
2021-08-17 19:07:15,785 5296 info config loading tracing configuration
2021-08-17 19:07:15,785 5296 info config loading 0 static secret(s)
2021-08-17 19:07:15,785 5296 info config loading 1 cluster(s)
2021-08-17 19:07:15,787 5296 info config loading 1 listener(s)
2021-08-17 19:07:15,788 5296 warning misc Configuration does not parse cleanly as v3. v2 configuration is deprecated and will be removed from Envoy at the start of Q1 2021: envoy.api.v2.auth.DownstreamTlsContext
2021-08-17 19:07:15,792 5296 warning misc Configuration does not parse cleanly as v3. v2 configuration is deprecated and will be removed from Envoy at the start of Q1 2021: envoy.config.filter.network.http_connection_manager.v2.HttpConnectionManager
2021-08-17 19:07:15,794 5296 warning misc Using deprecated extension name 'envoy.router' for 'envoy.filters.http.router'. This name will be removed from Envoy soon. Please see https://www.envoyproxy.io/docs/envoy/latest/version_history/version_history for details.
2021-08-17 19:07:15,795 5296 info misc Applying X509_V_FLAG_PARTIAL_CHAIN on TLS contexts
2021-08-17 19:07:15,796 5296 info config loading stats sink configuration
2021-08-17 19:07:15,796 5296 info runtime RTDS has finished initialization
2021-08-17 19:07:15,796 5296 info upstream cm init: all clusters initialized
2021-08-17 19:07:15,797 5296 info main all clusters initialized. initializing init manager
2021-08-17 19:07:15,797 5296 info config all dependencies initialized. starting workers
2021-08-17 19:07:15,799 5296 info main starting main dispatch loop
2021-08-17 12:10:12,413 5296 warning main caught SIGTERM
2021-08-17 12:10:12,413 5296 info main shutting down server instance
2021-08-17 12:10:12,413 5296 info main main dispatch loop exited
2021-08-17 12:10:12,441 5296 info main exiting
2021-08-17 12:10:23,823 6659 info main initializing epoch 0 (base id=1, hot restart version=11.104)
2021-08-17 12:10:23,823 6659 info main statically linked extensions:
2021-08-17 12:10:23,823 6659 info main   envoy.quic_client_codec: quiche
2021-08-17 12:10:23,823 6659 info main   envoy.internal_redirect_predicates: envoy.internal_redirect_predicates.allow_listed_routes, envoy.internal_redirect_predicates.previous_routes, envoy.internal_redirect_predicates.safe_cross_scheme
2021-08-17 12:10:23,823 6659 info main   envoy.filters.http: envoy.buffer, envoy.cors, envoy.csrf, envoy.ext_authz, envoy.fault, envoy.filters.http.adaptive_concurrency, envoy.filters.http.admission_control, envoy.filters.http.aws_lambda, envoy.filters.http.aws_request_signing, envoy.filters.http.buffer, envoy.filters.http.cache, envoy.filters.http.cdn_loop, envoy.filters.http.compressor, envoy.filters.http.cors, envoy.filters.http.csrf, envoy.filters.http.decompressor, envoy.filters.http.dynamic_forward_proxy, envoy.filters.http.dynamo, envoy.filters.http.ext_authz, envoy.filters.http.fault, envoy.filters.http.grpc_http1_bridge, envoy.filters.http.grpc_http1_reverse_bridge, envoy.filters.http.grpc_json_transcoder, envoy.filters.http.grpc_stats, envoy.filters.http.grpc_web, envoy.filters.http.gzip, envoy.filters.http.header_to_metadata, envoy.filters.http.health_check, envoy.filters.http.ip_tagging, envoy.filters.http.jwt_authn, envoy.filters.http.local_ratelimit, envoy.filters.http.lua, envoy.filters.http.oauth, envoy.filters.http.on_demand, envoy.filters.http.original_src, envoy.filters.http.ratelimit, envoy.filters.http.rbac, envoy.filters.http.router, envoy.filters.http.squash, envoy.filters.http.tap, envoy.grpc_http1_bridge, envoy.grpc_json_transcoder, envoy.grpc_web, envoy.gzip, envoy.health_check, envoy.http_dynamo_filter, envoy.ip_tagging, envoy.local_rate_limit, envoy.lua, envoy.rate_limit, envoy.router, envoy.squash
2021-08-17 12:10:23,823 6659 info main   envoy.bootstrap: envoy.extensions.network.socket_interface.default_socket_interface
2021-08-17 12:10:23,823 6659 info main   envoy.tracers: envoy.dynamic.ot, envoy.lightstep, envoy.tracers.datadog, envoy.tracers.dynamic_ot, envoy.tracers.lightstep, envoy.tracers.opencensus, envoy.tracers.xray, envoy.tracers.zipkin, envoy.zipkin
2021-08-17 12:10:23,823 6659 info main   envoy.access_loggers: envoy.access_loggers.file, envoy.access_loggers.http_grpc, envoy.access_loggers.tcp_grpc, envoy.file_access_log, envoy.http_grpc_access_log, envoy.tcp_grpc_access_log
2021-08-17 12:10:23,823 6659 info main   envoy.upstreams: envoy.filters.connection_pools.http.generic, envoy.filters.connection_pools.http.http, envoy.filters.connection_pools.http.tcp
2021-08-17 12:10:23,823 6659 info main   envoy.http.cache: envoy.extensions.http.cache.simple
2021-08-17 12:10:23,823 6659 info main   envoy.health_checkers: envoy.health_checkers.redis
2021-08-17 12:10:23,823 6659 info main   envoy.clusters: envoy.cluster.eds, envoy.cluster.logical_dns, envoy.cluster.original_dst, envoy.cluster.static, envoy.cluster.strict_dns, envoy.clusters.aggregate, envoy.clusters.dynamic_forward_proxy, envoy.clusters.redis
2021-08-17 12:10:23,823 6659 info main   envoy.dubbo_proxy.serializers: dubbo.hessian2
2021-08-17 12:10:23,823 6659 info main   envoy.stats_sinks: envoy.dog_statsd, envoy.metrics_service, envoy.stat_sinks.dog_statsd, envoy.stat_sinks.hystrix, envoy.stat_sinks.metrics_service, envoy.stat_sinks.statsd, envoy.statsd
2021-08-17 12:10:23,823 6659 info main   envoy.thrift_proxy.transports: auto, framed, header, unframed
2021-08-17 12:10:23,823 6659 info main   envoy.udp_listeners: quiche_quic_listener, raw_udp_listener
2021-08-17 12:10:23,823 6659 info main   envoy.transport_sockets.downstream: envoy.transport_sockets.alts, envoy.transport_sockets.quic, envoy.transport_sockets.raw_buffer, envoy.transport_sockets.tap, envoy.transport_sockets.tls, raw_buffer, tls
2021-08-17 12:10:23,823 6659 info main   envoy.resolvers: envoy.ip
2021-08-17 12:10:23,823 6659 info main   envoy.resource_monitors: envoy.resource_monitors.fixed_heap, envoy.resource_monitors.injected_resource
2021-08-17 12:10:23,823 6659 info main   envoy.thrift_proxy.filters: envoy.filters.thrift.rate_limit, envoy.filters.thrift.router
2021-08-17 12:10:23,823 6659 info main   envoy.compression.compressor: envoy.compression.gzip.compressor
2021-08-17 12:10:23,823 6659 info main   envoy.filters.udp_listener: envoy.filters.udp.dns_filter, envoy.filters.udp_listener.udp_proxy
2021-08-17 12:10:23,823 6659 info main   envoy.dubbo_proxy.protocols: dubbo
2021-08-17 12:10:23,823 6659 info main   envoy.filters.listener: envoy.filters.listener.http_inspector, envoy.filters.listener.original_dst, envoy.filters.listener.original_src, envoy.filters.listener.proxy_protocol, envoy.filters.listener.tls_inspector, envoy.listener.http_inspector, envoy.listener.original_dst, envoy.listener.original_src, envoy.listener.proxy_protocol, envoy.listener.tls_inspector
2021-08-17 12:10:23,823 6659 info main   envoy.filters.network: envoy.client_ssl_auth, envoy.echo, envoy.ext_authz, envoy.filters.network.client_ssl_auth, envoy.filters.network.direct_response, envoy.filters.network.dubbo_proxy, envoy.filters.network.echo, envoy.filters.network.ext_authz, envoy.filters.network.http_connection_manager, envoy.filters.network.kafka_broker, envoy.filters.network.local_ratelimit, envoy.filters.network.mongo_proxy, envoy.filters.network.mysql_proxy, envoy.filters.network.postgres_proxy, envoy.filters.network.ratelimit, envoy.filters.network.rbac, envoy.filters.network.redis_proxy, envoy.filters.network.rocketmq_proxy, envoy.filters.network.sni_cluster, envoy.filters.network.sni_dynamic_forward_proxy, envoy.filters.network.tcp_proxy, envoy.filters.network.thrift_proxy, envoy.filters.network.zookeeper_proxy, envoy.http_connection_manager, envoy.mongo_proxy, envoy.ratelimit, envoy.redis_proxy, envoy.tcp_proxy
2021-08-17 12:10:23,823 6659 info main   envoy.udp_packet_writers: udp_default_writer, udp_gso_batch_writer
2021-08-17 12:10:23,823 6659 info main   envoy.dubbo_proxy.route_matchers: default
2021-08-17 12:10:23,823 6659 info main   envoy.grpc_credentials: envoy.grpc_credentials.aws_iam, envoy.grpc_credentials.default, envoy.grpc_credentials.file_based_metadata
2021-08-17 12:10:23,823 6659 info main   envoy.retry_priorities: envoy.retry_priorities.previous_priorities
2021-08-17 12:10:23,823 6659 info main   envoy.retry_host_predicates: envoy.retry_host_predicates.omit_canary_hosts, envoy.retry_host_predicates.omit_host_metadata, envoy.retry_host_predicates.previous_hosts
2021-08-17 12:10:23,823 6659 info main   envoy.dubbo_proxy.filters: envoy.filters.dubbo.router
2021-08-17 12:10:23,823 6659 info main   envoy.compression.decompressor: envoy.compression.gzip.decompressor
2021-08-17 12:10:23,823 6659 info main   envoy.transport_sockets.upstream: envoy.transport_sockets.alts, envoy.transport_sockets.quic, envoy.transport_sockets.raw_buffer, envoy.transport_sockets.tap, envoy.transport_sockets.tls, envoy.transport_sockets.upstream_proxy_protocol, raw_buffer, tls
2021-08-17 12:10:23,823 6659 info main   envoy.guarddog_actions: envoy.watchdog.abort_action, envoy.watchdog.profile_action
2021-08-17 12:10:23,823 6659 info main   envoy.quic_server_codec: quiche
2021-08-17 12:10:23,823 6659 info main   envoy.thrift_proxy.protocols: auto, binary, binary/non-strict, compact, twitter
2021-08-17 12:10:23,836 6659 info main HTTP header map info:
2021-08-17 12:10:23,838 6659 warning runtime Unable to use runtime singleton for feature envoy.http.headermap.lazy_map_min_size
2021-08-17 12:10:23,838 6659 warning runtime Unable to use runtime singleton for feature envoy.http.headermap.lazy_map_min_size
2021-08-17 12:10:23,838 6659 warning runtime Unable to use runtime singleton for feature envoy.http.headermap.lazy_map_min_size
2021-08-17 12:10:23,838 6659 warning runtime Unable to use runtime singleton for feature envoy.http.headermap.lazy_map_min_size
2021-08-17 12:10:23,838 6659 info main   request header map: 600 bytes: :authority,:method,:path,:protocol,:scheme,accept,accept-encoding,access-control-request-method,authorization,cache-control,cdn-loop,connection,content-encoding,content-length,content-type,expect,grpc-accept-encoding,grpc-timeout,if-match,if-modified-since,if-none-match,if-range,if-unmodified-since,keep-alive,origin,pragma,proxy-connection,referer,te,transfer-encoding,upgrade,user-agent,via,x-client-trace-id,x-envoy-attempt-count,x-envoy-decorator-operation,x-envoy-downstream-service-cluster,x-envoy-downstream-service-node,x-envoy-expected-rq-timeout-ms,x-envoy-external-address,x-envoy-force-trace,x-envoy-hedge-on-per-try-timeout,x-envoy-internal,x-envoy-ip-tags,x-envoy-max-retries,x-envoy-original-path,x-envoy-original-url,x-envoy-retriable-header-names,x-envoy-retriable-status-codes,x-envoy-retry-grpc-on,x-envoy-retry-on,x-envoy-upstream-alt-stat-name,x-envoy-upstream-rq-per-try-timeout-ms,x-envoy-upstream-rq-timeout-alt-response,x-envoy-upstream-rq-timeout-ms,x-forwarded-client-cert,x-forwarded-for,x-forwarded-proto,x-ot-span-context,x-request-id
2021-08-17 12:10:23,838 6659 info main   request trailer map: 120 bytes: 
2021-08-17 12:10:23,838 6659 info main   response header map: 416 bytes: :status,access-control-allow-credentials,access-control-allow-headers,access-control-allow-methods,access-control-allow-origin,access-control-expose-headers,access-control-max-age,age,cache-control,connection,content-encoding,content-length,content-type,date,etag,expires,grpc-message,grpc-status,keep-alive,last-modified,location,proxy-connection,server,transfer-encoding,upgrade,vary,via,x-envoy-attempt-count,x-envoy-decorator-operation,x-envoy-degraded,x-envoy-immediate-health-check-fail,x-envoy-ratelimited,x-envoy-upstream-canary,x-envoy-upstream-healthchecked-cluster,x-envoy-upstream-service-time,x-request-id
2021-08-17 12:10:23,838 6659 info main   response trailer map: 144 bytes: grpc-message,grpc-status
2021-08-17 12:10:23,872 6659 info main admin address: 127.0.0.1:8006
2021-08-17 12:10:23,873 6659 info main runtime: layers:
  - name: static_layer_0
    static_layer:
      overload:
        global_downstream_max_connections: 512
2021-08-17 12:10:23,874 6659 info config loading tracing configuration
2021-08-17 12:10:23,874 6659 info config loading 0 static secret(s)
2021-08-17 12:10:23,874 6659 info config loading 1 cluster(s)
2021-08-17 12:10:23,876 6659 info config loading 1 listener(s)
2021-08-17 12:10:23,877 6659 warning misc Configuration does not parse cleanly as v3. v2 configuration is deprecated and will be removed from Envoy at the start of Q1 2021: envoy.api.v2.auth.DownstreamTlsContext
2021-08-17 12:10:23,881 6659 warning misc Configuration does not parse cleanly as v3. v2 configuration is deprecated and will be removed from Envoy at the start of Q1 2021: envoy.config.filter.network.http_connection_manager.v2.HttpConnectionManager
2021-08-17 12:10:23,883 6659 warning misc Using deprecated extension name 'envoy.router' for 'envoy.filters.http.router'. This name will be removed from Envoy soon. Please see https://www.envoyproxy.io/docs/envoy/latest/version_history/version_history for details.
2021-08-17 12:10:23,884 6659 info misc Applying X509_V_FLAG_PARTIAL_CHAIN on TLS contexts
2021-08-17 12:10:23,897 6659 info config loading stats sink configuration
2021-08-17 12:10:23,897 6659 info runtime RTDS has finished initialization
2021-08-17 12:10:23,897 6659 info upstream cm init: all clusters initialized
2021-08-17 12:10:23,897 6659 info main all clusters initialized. initializing init manager
2021-08-17 12:10:23,897 6659 info config all dependencies initialized. starting workers
2021-08-17 12:10:23,899 6659 info main starting main dispatch loop
2021-08-17 12:25:23,901 6659 info main shutting down parent after drain
